<html>
<head>
<title>TestNG:  RemoveAllProductsFromCart</title>
<link href="../testng.css" rel="stylesheet" type="text/css" />
<link href="../my-testng.css" rel="stylesheet" type="text/css" />

<style type="text/css">
.log { display: none;} 
.stack-trace { display: none;} 
</style>
<script type="text/javascript">
<!--
function flip(e) {
  current = e.style.display;
  if (current == 'block') {
    e.style.display = 'none';
    return 0;
  }
  else {
    e.style.display = 'block';
    return 1;
  }
}

function toggleBox(szDivId, elem, msg1, msg2)
{
  var res = -1;  if (document.getElementById) {
    res = flip(document.getElementById(szDivId));
  }
  else if (document.all) {
    // this is the way old msie versions work
    res = flip(document.all[szDivId]);
  }
  if(elem) {
    if(res == 0) elem.innerHTML = msg1; else elem.innerHTML = msg2;
  }

}

function toggleAllBoxes() {
  if (document.getElementsByTagName) {
    d = document.getElementsByTagName('div');
    for (i = 0; i < d.length; i++) {
      if (d[i].className == 'log') {
        flip(d[i]);
      }
    }
  }
}

// -->
</script>

</head>
<body>
<h2 align='center'>RemoveAllProductsFromCart</h2><table border='1' align="center">
<tr>
<td>Tests passed/Failed/Skipped:</td><td>10/1/0</td>
</tr><tr>
<td>Started on:</td><td>Tue May 10 12:01:00 IST 2022</td>
</tr>
<tr><td>Total time:</td><td>224 seconds (224691 ms)</td>
</tr><tr>
<td>Included groups:</td><td></td>
</tr><tr>
<td>Excluded groups:</td><td></td>
</tr>
</table><p/>
<small><i>(Hover the method name to see the test class name)</i></small><p/>
<table width='100%' border='1' class='invocation-failed'>
<tr><td colspan='4' align='center'><b>FAILED TESTS</b></td></tr>
<tr><td><b>Test method</b></td>
<td width="30%"><b>Exception</b></td>
<td width="10%"><b>Time (seconds)</b></td>
<td><b>Instance</b></td>
</tr>
<tr>
<td title='com.eperium.jumpstart.JumpStartTestSuite.addProducttoCartFromPDP1()'><b>addProducttoCartFromPDP1</b><br>Test class: com.eperium.jumpstart.JumpStartTestSuite<br>Test method: Add Product To Cart From PDP</td>
<td><div><pre>java.lang.AssertionError: expected [true] but found [false]
	at org.testng.Assert.fail(Assert.java:93)
	at org.testng.Assert.failNotEquals(Assert.java:512)
	at org.testng.Assert.assertTrue(Assert.java:41)
	at org.testng.Assert.assertTrue(Assert.java:51)
	at com.eperium.jumpstart.JumpStartTestSuite.addProducttoCartFromPDP1(JumpStartTestSuite.java:3660)
	at sun.reflect.NativeMethodAccessorImpl.invoke0(Native Method)
	at sun.reflect.NativeMethodAccessorImpl.invoke(NativeMethodAccessorImpl.java:62)
	at sun.reflect.DelegatingMethodAccessorImpl.invoke(DelegatingMethodAccessorImpl.java:43)
	at java.lang.reflect.Method.invoke(Method.java:498)
	at org.testng.internal.MethodInvocationHelper.invokeMethod(MethodInvocationHelper.java:108)
	at org.testng.internal.Invoker.invokeMethod(Invoker.java:661)
	at org.testng.internal.Invoker.invokeTestMethod(Invoker.java:869)
	at org.testng.internal.Invoker.invokeTestMethods(Invoker.java:1193)
	at org.testng.internal.TestMethodWorker.invokeTestMethods(TestMethodWorker.java:126)
	at org.testng.internal.TestMethodWorker.run(TestMethodWorker.java:109)
	at org.testng.TestRunner.privateRun(TestRunner.java:744)
	at org.testng.TestRunner.run(TestRunner.java:602)
	at org.testng.SuiteRunner.runTest(SuiteRunner.java:380)
	at org.testng.SuiteRunner.runSequentially(SuiteRunner.java:375)
	at org.testng.SuiteRunner.privateRun(SuiteRunner.java:340)
	at org.testng.SuiteRunner.run(SuiteRunner.java:289)
	at org.testng.SuiteRunnerWorker.runSuite(SuiteRunnerWorker.java:52)
	at org.testng.SuiteRunnerWorker.run(SuiteRunnerWorker.java:86)
	at org.testng.TestNG.runSuitesSequentially(TestNG.java:1301)
	at org.testng.TestNG.runSuitesLocally(TestNG.java:1226)
	at org.testng.TestNG.runSuites(TestNG.java:1144)
	at org.testng.TestNG.run(TestNG.java:1115)
	at org.testng.remote.AbstractRemoteTestNG.run(AbstractRemoteTestNG.java:115)
	at org.testng.remote.RemoteTestNG.initAndRun(RemoteTestNG.java:251)
	at org.testng.remote.RemoteTestNG.main(RemoteTestNG.java:77)
</pre></div><a href='#' onClick='toggleBox("stack-trace765826899", this, "Click to show all stack frames", "Click to hide stack frames")'>Click to show all stack frames</a>
<div class='stack-trace' id='stack-trace765826899'><pre>java.lang.AssertionError: expected [true] but found [false]
	at org.testng.Assert.fail(Assert.java:93)
	at org.testng.Assert.failNotEquals(Assert.java:512)
	at org.testng.Assert.assertTrue(Assert.java:41)
	at org.testng.Assert.assertTrue(Assert.java:51)
	at com.eperium.jumpstart.JumpStartTestSuite.addProducttoCartFromPDP1(JumpStartTestSuite.java:3660)
	at sun.reflect.NativeMethodAccessorImpl.invoke0(Native Method)
	at sun.reflect.NativeMethodAccessorImpl.invoke(NativeMethodAccessorImpl.java:62)
	at sun.reflect.DelegatingMethodAccessorImpl.invoke(DelegatingMethodAccessorImpl.java:43)
	at java.lang.reflect.Method.invoke(Method.java:498)
	at org.testng.internal.MethodInvocationHelper.invokeMethod(MethodInvocationHelper.java:108)
	at org.testng.internal.Invoker.invokeMethod(Invoker.java:661)
	at org.testng.internal.Invoker.invokeTestMethod(Invoker.java:869)
	at org.testng.internal.Invoker.invokeTestMethods(Invoker.java:1193)
	at org.testng.internal.TestMethodWorker.invokeTestMethods(TestMethodWorker.java:126)
	at org.testng.internal.TestMethodWorker.run(TestMethodWorker.java:109)
	at org.testng.TestRunner.privateRun(TestRunner.java:744)
	at org.testng.TestRunner.run(TestRunner.java:602)
	at org.testng.SuiteRunner.runTest(SuiteRunner.java:380)
	at org.testng.SuiteRunner.runSequentially(SuiteRunner.java:375)
	at org.testng.SuiteRunner.privateRun(SuiteRunner.java:340)
	at org.testng.SuiteRunner.run(SuiteRunner.java:289)
	at org.testng.SuiteRunnerWorker.runSuite(SuiteRunnerWorker.java:52)
	at org.testng.SuiteRunnerWorker.run(SuiteRunnerWorker.java:86)
	at org.testng.TestNG.runSuitesSequentially(TestNG.java:1301)
	at org.testng.TestNG.runSuitesLocally(TestNG.java:1226)
	at org.testng.TestNG.runSuites(TestNG.java:1144)
	at org.testng.TestNG.run(TestNG.java:1115)
	at org.testng.remote.AbstractRemoteTestNG.run(AbstractRemoteTestNG.java:115)
	at org.testng.remote.RemoteTestNG.initAndRun(RemoteTestNG.java:251)
	at org.testng.remote.RemoteTestNG.main(RemoteTestNG.java:77)
</pre></div></td>
<td>25</td>
<td>com.eperium.jumpstart.JumpStartTestSuite@5a8806ef</td></tr>
</table><p>
<table width='100%' border='1' class='invocation-passed'>
<tr><td colspan='4' align='center'><b>PASSED TESTS</b></td></tr>
<tr><td><b>Test method</b></td>
<td width="30%"><b>Exception</b></td>
<td width="10%"><b>Time (seconds)</b></td>
<td><b>Instance</b></td>
</tr>
<tr>
<td title='com.eperium.jumpstart.JumpStartTestSuite.addProducttoCartFromPDP()'><b>addProducttoCartFromPDP</b><br>Test class: com.eperium.jumpstart.JumpStartTestSuite<br>Test method: Add Product To Cart From PDP</td>
<td></td>
<td>30</td>
<td>com.eperium.jumpstart.JumpStartTestSuite@5a8806ef</td></tr>
<tr>
<td title='com.eperium.jumpstart.JumpStartTestSuite.closeCookieWarning()'><b>closeCookieWarning</b><br>Test class: com.eperium.jumpstart.JumpStartTestSuite<br>Test method: check that cookie warning closes</td>
<td></td>
<td>4</td>
<td>com.eperium.jumpstart.JumpStartTestSuite@5a8806ef</td></tr>
<tr>
<td title='com.eperium.jumpstart.JumpStartTestSuite.enterAndSearchStringSTAR()'><b>enterAndSearchStringSTAR</b><br>Test class: com.eperium.jumpstart.JumpStartTestSuite<br>Test method: Search with * Search String</td>
<td></td>
<td>28</td>
<td>com.eperium.jumpstart.JumpStartTestSuite@5a8806ef</td></tr>
<tr>
<td title='com.eperium.jumpstart.JumpStartTestSuite.enterAndSearchStringSTAR1()'><b>enterAndSearchStringSTAR1</b><br>Test class: com.eperium.jumpstart.JumpStartTestSuite<br>Test method: Search with * Search String</td>
<td></td>
<td>10</td>
<td>com.eperium.jumpstart.JumpStartTestSuite@5a8806ef</td></tr>
<tr>
<td title='com.eperium.jumpstart.JumpStartTestSuite.goToLoginPage()'><b>goToLoginPage</b><br>Test class: com.eperium.jumpstart.JumpStartTestSuite<br>Test method: Navigate To login page</td>
<td></td>
<td>1</td>
<td>com.eperium.jumpstart.JumpStartTestSuite@5a8806ef</td></tr>
<tr>
<td title='com.eperium.jumpstart.JumpStartTestSuite.gotoFirstPDP()'><b>gotoFirstPDP</b><br>Test class: com.eperium.jumpstart.JumpStartTestSuite<br>Test method: Goto PDP</td>
<td></td>
<td>18</td>
<td>com.eperium.jumpstart.JumpStartTestSuite@5a8806ef</td></tr>
<tr>
<td title='com.eperium.jumpstart.JumpStartTestSuite.gotoSecondPDP()'><b>gotoSecondPDP</b><br>Test class: com.eperium.jumpstart.JumpStartTestSuite<br>Test method: Go to Second PDP</td>
<td></td>
<td>19</td>
<td>com.eperium.jumpstart.JumpStartTestSuite@5a8806ef</td></tr>
<tr>
<td title='com.eperium.jumpstart.JumpStartTestSuite.launchHomePage()'><b>launchHomePage</b><br>Test class: com.eperium.jumpstart.JumpStartTestSuite<br>Test method: Launch Home Page</td>
<td></td>
<td>9</td>
<td>com.eperium.jumpstart.JumpStartTestSuite@5a8806ef</td></tr>
<tr>
<td title='com.eperium.jumpstart.JumpStartTestSuite.loginCustomerBuyer()'><b>loginCustomerBuyer</b><br>Test class: com.eperium.jumpstart.JumpStartTestSuite<br>Test method: Login Buyer</td>
<td></td>
<td>17</td>
<td>com.eperium.jumpstart.JumpStartTestSuite@5a8806ef</td></tr>
<tr>
<td title='com.eperium.jumpstart.JumpStartTestSuite.removeProductAndVerifyCart()'><b>removeProductAndVerifyCart</b><br>Test class: com.eperium.jumpstart.JumpStartTestSuite<br>Test method: Remove Product And Verify Cart</td>
<td></td>
<td>45</td>
<td>com.eperium.jumpstart.JumpStartTestSuite@5a8806ef</td></tr>
</table><p>
</body>
</html>