<html>
<head>
<title>TestNG:  AddProductToCompareList</title>
<link href="../testng.css" rel="stylesheet" type="text/css" />
<link href="../my-testng.css" rel="stylesheet" type="text/css" />

<style type="text/css">
.log { display: none;} 
.stack-trace { display: none;} 
</style>
<script type="text/javascript">
<!--
function flip(e) {
  current = e.style.display;
  if (current == 'block') {
    e.style.display = 'none';
    return 0;
  }
  else {
    e.style.display = 'block';
    return 1;
  }
}

function toggleBox(szDivId, elem, msg1, msg2)
{
  var res = -1;  if (document.getElementById) {
    res = flip(document.getElementById(szDivId));
  }
  else if (document.all) {
    // this is the way old msie versions work
    res = flip(document.all[szDivId]);
  }
  if(elem) {
    if(res == 0) elem.innerHTML = msg1; else elem.innerHTML = msg2;
  }

}

function toggleAllBoxes() {
  if (document.getElementsByTagName) {
    d = document.getElementsByTagName('div');
    for (i = 0; i < d.length; i++) {
      if (d[i].className == 'log') {
        flip(d[i]);
      }
    }
  }
}

// -->
</script>

</head>
<body>
<h2 align='center'>AddProductToCompareList</h2><table border='1' align="center">
<tr>
<td>Tests passed/Failed/Skipped:</td><td>11/2/0</td>
</tr><tr>
<td>Started on:</td><td>Mon Jun 29 16:39:15 IST 2020</td>
</tr>
<tr><td>Total time:</td><td>150 seconds (150682 ms)</td>
</tr><tr>
<td>Included groups:</td><td></td>
</tr><tr>
<td>Excluded groups:</td><td></td>
</tr>
</table><p/>
<small><i>(Hover the method name to see the test class name)</i></small><p/>
<table width='100%' border='1' class='invocation-failed'>
<tr><td colspan='4' align='center'><b>FAILED TESTS</b></td></tr>
<tr><td><b>Test method</b></td>
<td width="30%"><b>Exception</b></td>
<td width="10%"><b>Time (seconds)</b></td>
<td><b>Instance</b></td>
</tr>
<tr>
<td title='com.eperium.jumpstart.JumpStartTestSuite.addProductToCartFromComparePageAndVerify()'><b>addProductToCartFromComparePageAndVerify</b><br>Test class: com.eperium.jumpstart.JumpStartTestSuite<br>Test method: Add Product To Cart From Compare Page And Verify</td>
<td><div><pre>org.openqa.selenium.InvalidSelectorException: {&quot;errorMessage&quot;:&quot;Unable to locate an element with the xpath expression //*[@class=&apos;ish-button-addToCart kor-cart-button because of the following error:\nError: INVALID_EXPRESSION_ERR: DOM XPath Exception 51&quot;,&quot;request&quot;:{&quot;headers&quot;:{&quot;Accept-Encoding&quot;:&quot;gzip,deflate&quot;,&quot;Connection&quot;:&quot;Keep-Alive&quot;,&quot;Content-Length&quot;:&quot;76&quot;,&quot;Content-Type&quot;:&quot;application/json; charset=utf-8&quot;,&quot;Host&quot;:&quot;localhost:20664&quot;,&quot;User-Agent&quot;:&quot;Apache-HttpClient/4.5.2 (Java/1.8.0_151)&quot;},&quot;httpVersion&quot;:&quot;1.1&quot;,&quot;method&quot;:&quot;POST&quot;,&quot;post&quot;:&quot;{\&quot;using\&quot;:\&quot;xpath\&quot;,\&quot;value\&quot;:\&quot;//*[@class=&apos;ish-button-addToCart kor-cart-button\&quot;}&quot;,&quot;url&quot;:&quot;/element&quot;,&quot;urlParsed&quot;:{&quot;anchor&quot;:&quot;&quot;,&quot;query&quot;:&quot;&quot;,&quot;file&quot;:&quot;element&quot;,&quot;directory&quot;:&quot;/&quot;,&quot;path&quot;:&quot;/element&quot;,&quot;relative&quot;:&quot;/element&quot;,&quot;port&quot;:&quot;&quot;,&quot;host&quot;:&quot;&quot;,&quot;password&quot;:&quot;&quot;,&quot;user&quot;:&quot;&quot;,&quot;userInfo&quot;:&quot;&quot;,&quot;authority&quot;:&quot;&quot;,&quot;protocol&quot;:&quot;&quot;,&quot;source&quot;:&quot;/element&quot;,&quot;queryKey&quot;:{},&quot;chunks&quot;:[&quot;element&quot;]},&quot;urlOriginal&quot;:&quot;/session/fa45ae40-b9f8-11ea-a6e1-adf1969df799/element&quot;}}
Command duration or timeout: 1.52 seconds
For documentation on this error, please visit: http://seleniumhq.org/exceptions/invalid_selector_exception.html
Build info: version: &apos;2.53.0&apos;, revision: &apos;35ae25b1534ae328c771e0856c93e187490ca824&apos;, time: &apos;2016-03-15 10:43:46&apos;
System info: host: &apos;IN04144&apos;, ip: &apos;172.17.134.37&apos;, os.name: &apos;Windows 10&apos;, os.arch: &apos;amd64&apos;, os.version: &apos;10.0&apos;, java.version: &apos;1.8.0_151&apos;
Driver info: org.openqa.selenium.phantomjs.PhantomJSDriver
Capabilities [{applicationCacheEnabled=false, rotatable=false, handlesAlerts=false, databaseEnabled=false, version=2.1.1, platform=XP, browserConnectionEnabled=false, proxy={proxyType=direct}, nativeEvents=true, acceptSslCerts=false, driverVersion=1.2.0, locationContextEnabled=false, webStorageEnabled=false, browserName=phantomjs, takesScreenshot=true, driverName=ghostdriver, javascriptEnabled=true, cssSelectorsEnabled=true}]
Session ID: fa45ae40-b9f8-11ea-a6e1-adf1969df799
*** Element info: {Using=xpath, value=//*[@class=&apos;ish-button-addToCart kor-cart-button}
	at org.openqa.selenium.remote.ErrorHandler.createThrowable(ErrorHandler.java:206)
	at org.openqa.selenium.remote.ErrorHandler.throwIfResponseFailed(ErrorHandler.java:158)
	at org.openqa.selenium.remote.RemoteWebDriver.execute(RemoteWebDriver.java:678)
	at org.openqa.selenium.remote.RemoteWebDriver.findElement(RemoteWebDriver.java:363)
	at org.openqa.selenium.remote.RemoteWebDriver.findElementByXPath(RemoteWebDriver.java:500)
	at org.openqa.selenium.By$ByXPath.findElement(By.java:361)
	at org.openqa.selenium.remote.RemoteWebDriver.findElement(RemoteWebDriver.java:355)
	at com.eperium.jumpstart.JumpStartTestSuite.addProductToCartFromComparePageAndVerify(JumpStartTestSuite.java:4708)
Caused by: org.openqa.selenium.remote.ScreenshotException: Screen shot has been taken
Build info: version: &apos;2.53.0&apos;, revision: &apos;35ae25b1534ae328c771e0856c93e187490ca824&apos;, time: &apos;2016-03-15 10:43:46&apos;
System info: host: &apos;IN04144&apos;, ip: &apos;172.17.134.37&apos;, os.name: &apos;Windows 10&apos;, os.arch: &apos;amd64&apos;, os.version: &apos;10.0&apos;, java.version: &apos;1.8.0_151&apos;
Driver info: driver.version: RemoteWebDriver
	at org.openqa.selenium.remote.ErrorHandler.throwIfResponseFailed(ErrorHandler.java:138)
	... 31 more
Caused by: org.openqa.selenium.InvalidSelectorException: {&quot;errorMessage&quot;:&quot;Unable to locate an element with the xpath expression //*[@class=&apos;ish-button-addToCart kor-cart-button because of the following error:\nError: INVALID_EXPRESSION_ERR: DOM XPath Exception 51&quot;,&quot;request&quot;:{&quot;headers&quot;:{&quot;Accept-Encoding&quot;:&quot;gzip,deflate&quot;,&quot;Connection&quot;:&quot;Keep-Alive&quot;,&quot;Content-Length&quot;:&quot;76&quot;,&quot;Content-Type&quot;:&quot;application/json; charset=utf-8&quot;,&quot;Host&quot;:&quot;localhost:20664&quot;,&quot;User-Agent&quot;:&quot;Apache-HttpClient/4.5.2 (Java/1.8.0_151)&quot;},&quot;httpVersion&quot;:&quot;1.1&quot;,&quot;method&quot;:&quot;POST&quot;,&quot;post&quot;:&quot;{\&quot;using\&quot;:\&quot;xpath\&quot;,\&quot;value\&quot;:\&quot;//*[@class=&apos;ish-button-addToCart kor-cart-button\&quot;}&quot;,&quot;url&quot;:&quot;/element&quot;,&quot;urlParsed&quot;:{&quot;anchor&quot;:&quot;&quot;,&quot;query&quot;:&quot;&quot;,&quot;file&quot;:&quot;element&quot;,&quot;directory&quot;:&quot;/&quot;,&quot;path&quot;:&quot;/element&quot;,&quot;relative&quot;:&quot;/element&quot;,&quot;port&quot;:&quot;&quot;,&quot;host&quot;:&quot;&quot;,&quot;password&quot;:&quot;&quot;,&quot;user&quot;:&quot;&quot;,&quot;userInfo&quot;:&quot;&quot;,&quot;authority&quot;:&quot;&quot;,&quot;protocol&quot;:&quot;&quot;,&quot;source&quot;:&quot;/element&quot;,&quot;queryKey&quot;:{},&quot;chunks&quot;:[&quot;element&quot;]},&quot;urlOriginal&quot;:&quot;/session/fa45ae40-b9f8-11ea-a6e1-adf1969df799/element&quot;}}
For documentation on this error, please visit: http://seleniumhq.org/exceptions/invalid_selector_exception.html
Build info: version: &apos;2.53.0&apos;, revision: &apos;35ae25b1534ae328c771e0856c93e187490ca824&apos;, time: &apos;2016-03-15 10:43:46&apos;
System info: host: &apos;IN04144&apos;, ip: &apos;172.17.134.37&apos;, os.name: &apos;Windows 10&apos;, os.arch: &apos;amd64&apos;, os.version: &apos;10.0&apos;, java.version: &apos;1.8.0_151&apos;
Driver info: driver.version: unknown
... Removed 29 stack frames</pre></div><a href='#' onClick='toggleBox("stack-trace765826899", this, "Click to show all stack frames", "Click to hide stack frames")'>Click to show all stack frames</a>
<div class='stack-trace' id='stack-trace765826899'><pre>org.openqa.selenium.InvalidSelectorException: {&quot;errorMessage&quot;:&quot;Unable to locate an element with the xpath expression //*[@class=&apos;ish-button-addToCart kor-cart-button because of the following error:\nError: INVALID_EXPRESSION_ERR: DOM XPath Exception 51&quot;,&quot;request&quot;:{&quot;headers&quot;:{&quot;Accept-Encoding&quot;:&quot;gzip,deflate&quot;,&quot;Connection&quot;:&quot;Keep-Alive&quot;,&quot;Content-Length&quot;:&quot;76&quot;,&quot;Content-Type&quot;:&quot;application/json; charset=utf-8&quot;,&quot;Host&quot;:&quot;localhost:20664&quot;,&quot;User-Agent&quot;:&quot;Apache-HttpClient/4.5.2 (Java/1.8.0_151)&quot;},&quot;httpVersion&quot;:&quot;1.1&quot;,&quot;method&quot;:&quot;POST&quot;,&quot;post&quot;:&quot;{\&quot;using\&quot;:\&quot;xpath\&quot;,\&quot;value\&quot;:\&quot;//*[@class=&apos;ish-button-addToCart kor-cart-button\&quot;}&quot;,&quot;url&quot;:&quot;/element&quot;,&quot;urlParsed&quot;:{&quot;anchor&quot;:&quot;&quot;,&quot;query&quot;:&quot;&quot;,&quot;file&quot;:&quot;element&quot;,&quot;directory&quot;:&quot;/&quot;,&quot;path&quot;:&quot;/element&quot;,&quot;relative&quot;:&quot;/element&quot;,&quot;port&quot;:&quot;&quot;,&quot;host&quot;:&quot;&quot;,&quot;password&quot;:&quot;&quot;,&quot;user&quot;:&quot;&quot;,&quot;userInfo&quot;:&quot;&quot;,&quot;authority&quot;:&quot;&quot;,&quot;protocol&quot;:&quot;&quot;,&quot;source&quot;:&quot;/element&quot;,&quot;queryKey&quot;:{},&quot;chunks&quot;:[&quot;element&quot;]},&quot;urlOriginal&quot;:&quot;/session/fa45ae40-b9f8-11ea-a6e1-adf1969df799/element&quot;}}
Command duration or timeout: 1.52 seconds
For documentation on this error, please visit: http://seleniumhq.org/exceptions/invalid_selector_exception.html
Build info: version: &apos;2.53.0&apos;, revision: &apos;35ae25b1534ae328c771e0856c93e187490ca824&apos;, time: &apos;2016-03-15 10:43:46&apos;
System info: host: &apos;IN04144&apos;, ip: &apos;172.17.134.37&apos;, os.name: &apos;Windows 10&apos;, os.arch: &apos;amd64&apos;, os.version: &apos;10.0&apos;, java.version: &apos;1.8.0_151&apos;
Driver info: org.openqa.selenium.phantomjs.PhantomJSDriver
Capabilities [{applicationCacheEnabled=false, rotatable=false, handlesAlerts=false, databaseEnabled=false, version=2.1.1, platform=XP, browserConnectionEnabled=false, proxy={proxyType=direct}, nativeEvents=true, acceptSslCerts=false, driverVersion=1.2.0, locationContextEnabled=false, webStorageEnabled=false, browserName=phantomjs, takesScreenshot=true, driverName=ghostdriver, javascriptEnabled=true, cssSelectorsEnabled=true}]
Session ID: fa45ae40-b9f8-11ea-a6e1-adf1969df799
*** Element info: {Using=xpath, value=//*[@class=&apos;ish-button-addToCart kor-cart-button}
	at sun.reflect.NativeConstructorAccessorImpl.newInstance0(Native Method)
	at sun.reflect.NativeConstructorAccessorImpl.newInstance(NativeConstructorAccessorImpl.java:62)
	at sun.reflect.DelegatingConstructorAccessorImpl.newInstance(DelegatingConstructorAccessorImpl.java:45)
	at java.lang.reflect.Constructor.newInstance(Constructor.java:423)
	at org.openqa.selenium.remote.ErrorHandler.createThrowable(ErrorHandler.java:206)
	at org.openqa.selenium.remote.ErrorHandler.throwIfResponseFailed(ErrorHandler.java:158)
	at org.openqa.selenium.remote.RemoteWebDriver.execute(RemoteWebDriver.java:678)
	at org.openqa.selenium.remote.RemoteWebDriver.findElement(RemoteWebDriver.java:363)
	at org.openqa.selenium.remote.RemoteWebDriver.findElementByXPath(RemoteWebDriver.java:500)
	at org.openqa.selenium.By$ByXPath.findElement(By.java:361)
	at org.openqa.selenium.remote.RemoteWebDriver.findElement(RemoteWebDriver.java:355)
	at com.eperium.jumpstart.JumpStartTestSuite.addProductToCartFromComparePageAndVerify(JumpStartTestSuite.java:4708)
	at sun.reflect.NativeMethodAccessorImpl.invoke0(Native Method)
	at sun.reflect.NativeMethodAccessorImpl.invoke(NativeMethodAccessorImpl.java:62)
	at sun.reflect.DelegatingMethodAccessorImpl.invoke(DelegatingMethodAccessorImpl.java:43)
	at java.lang.reflect.Method.invoke(Method.java:498)
	at org.testng.internal.MethodInvocationHelper.invokeMethod(MethodInvocationHelper.java:108)
	at org.testng.internal.Invoker.invokeMethod(Invoker.java:661)
	at org.testng.internal.Invoker.invokeTestMethod(Invoker.java:869)
	at org.testng.internal.Invoker.invokeTestMethods(Invoker.java:1193)
	at org.testng.internal.TestMethodWorker.invokeTestMethods(TestMethodWorker.java:126)
	at org.testng.internal.TestMethodWorker.run(TestMethodWorker.java:109)
	at org.testng.TestRunner.privateRun(TestRunner.java:744)
	at org.testng.TestRunner.run(TestRunner.java:602)
	at org.testng.SuiteRunner.runTest(SuiteRunner.java:380)
	at org.testng.SuiteRunner.runSequentially(SuiteRunner.java:375)
	at org.testng.SuiteRunner.privateRun(SuiteRunner.java:340)
	at org.testng.SuiteRunner.run(SuiteRunner.java:289)
	at org.testng.SuiteRunnerWorker.runSuite(SuiteRunnerWorker.java:52)
	at org.testng.SuiteRunnerWorker.run(SuiteRunnerWorker.java:86)
	at org.testng.TestNG.runSuitesSequentially(TestNG.java:1301)
	at org.testng.TestNG.runSuitesLocally(TestNG.java:1226)
	at org.testng.TestNG.runSuites(TestNG.java:1144)
	at org.testng.TestNG.run(TestNG.java:1115)
	at org.testng.remote.AbstractRemoteTestNG.run(AbstractRemoteTestNG.java:115)
	at org.testng.remote.RemoteTestNG.initAndRun(RemoteTestNG.java:251)
	at org.testng.remote.RemoteTestNG.main(RemoteTestNG.java:77)
Caused by: org.openqa.selenium.remote.ScreenshotException: Screen shot has been taken
Build info: version: &apos;2.53.0&apos;, revision: &apos;35ae25b1534ae328c771e0856c93e187490ca824&apos;, time: &apos;2016-03-15 10:43:46&apos;
System info: host: &apos;IN04144&apos;, ip: &apos;172.17.134.37&apos;, os.name: &apos;Windows 10&apos;, os.arch: &apos;amd64&apos;, os.version: &apos;10.0&apos;, java.version: &apos;1.8.0_151&apos;
Driver info: driver.version: RemoteWebDriver
	at org.openqa.selenium.remote.ErrorHandler.throwIfResponseFailed(ErrorHandler.java:138)
	... 31 more
Caused by: org.openqa.selenium.InvalidSelectorException: {&quot;errorMessage&quot;:&quot;Unable to locate an element with the xpath expression //*[@class=&apos;ish-button-addToCart kor-cart-button because of the following error:\nError: INVALID_EXPRESSION_ERR: DOM XPath Exception 51&quot;,&quot;request&quot;:{&quot;headers&quot;:{&quot;Accept-Encoding&quot;:&quot;gzip,deflate&quot;,&quot;Connection&quot;:&quot;Keep-Alive&quot;,&quot;Content-Length&quot;:&quot;76&quot;,&quot;Content-Type&quot;:&quot;application/json; charset=utf-8&quot;,&quot;Host&quot;:&quot;localhost:20664&quot;,&quot;User-Agent&quot;:&quot;Apache-HttpClient/4.5.2 (Java/1.8.0_151)&quot;},&quot;httpVersion&quot;:&quot;1.1&quot;,&quot;method&quot;:&quot;POST&quot;,&quot;post&quot;:&quot;{\&quot;using\&quot;:\&quot;xpath\&quot;,\&quot;value\&quot;:\&quot;//*[@class=&apos;ish-button-addToCart kor-cart-button\&quot;}&quot;,&quot;url&quot;:&quot;/element&quot;,&quot;urlParsed&quot;:{&quot;anchor&quot;:&quot;&quot;,&quot;query&quot;:&quot;&quot;,&quot;file&quot;:&quot;element&quot;,&quot;directory&quot;:&quot;/&quot;,&quot;path&quot;:&quot;/element&quot;,&quot;relative&quot;:&quot;/element&quot;,&quot;port&quot;:&quot;&quot;,&quot;host&quot;:&quot;&quot;,&quot;password&quot;:&quot;&quot;,&quot;user&quot;:&quot;&quot;,&quot;userInfo&quot;:&quot;&quot;,&quot;authority&quot;:&quot;&quot;,&quot;protocol&quot;:&quot;&quot;,&quot;source&quot;:&quot;/element&quot;,&quot;queryKey&quot;:{},&quot;chunks&quot;:[&quot;element&quot;]},&quot;urlOriginal&quot;:&quot;/session/fa45ae40-b9f8-11ea-a6e1-adf1969df799/element&quot;}}
For documentation on this error, please visit: http://seleniumhq.org/exceptions/invalid_selector_exception.html
Build info: version: &apos;2.53.0&apos;, revision: &apos;35ae25b1534ae328c771e0856c93e187490ca824&apos;, time: &apos;2016-03-15 10:43:46&apos;
System info: host: &apos;IN04144&apos;, ip: &apos;172.17.134.37&apos;, os.name: &apos;Windows 10&apos;, os.arch: &apos;amd64&apos;, os.version: &apos;10.0&apos;, java.version: &apos;1.8.0_151&apos;
Driver info: driver.version: unknown
</pre></div></td>
<td>1</td>
<td>com.eperium.jumpstart.JumpStartTestSuite@5a8806ef</td></tr>
<tr>
<td title='com.eperium.jumpstart.JumpStartTestSuite.removeProductAndVerifyCart()'><b>removeProductAndVerifyCart</b><br>Test class: com.eperium.jumpstart.JumpStartTestSuite<br>Test method: Remove Product And Verify Cart</td>
<td><div><pre>org.openqa.selenium.InvalidElementStateException: {&quot;errorMessage&quot;:&quot;SyntaxError: DOM Exception 12&quot;,&quot;request&quot;:{&quot;headers&quot;:{&quot;Accept-Encoding&quot;:&quot;gzip,deflate&quot;,&quot;Connection&quot;:&quot;Keep-Alive&quot;,&quot;Content-Length&quot;:&quot;58&quot;,&quot;Content-Type&quot;:&quot;application/json; charset=utf-8&quot;,&quot;Host&quot;:&quot;localhost:20664&quot;,&quot;User-Agent&quot;:&quot;Apache-HttpClient/4.5.2 (Java/1.8.0_151)&quot;},&quot;httpVersion&quot;:&quot;1.1&quot;,&quot;method&quot;:&quot;POST&quot;,&quot;post&quot;:&quot;{\&quot;using\&quot;:\&quot;class name\&quot;,\&quot;value\&quot;:\&quot;(//*[@class=&apos;ish-error&apos;])\&quot;}&quot;,&quot;url&quot;:&quot;/elements&quot;,&quot;urlParsed&quot;:{&quot;anchor&quot;:&quot;&quot;,&quot;query&quot;:&quot;&quot;,&quot;file&quot;:&quot;elements&quot;,&quot;directory&quot;:&quot;/&quot;,&quot;path&quot;:&quot;/elements&quot;,&quot;relative&quot;:&quot;/elements&quot;,&quot;port&quot;:&quot;&quot;,&quot;host&quot;:&quot;&quot;,&quot;password&quot;:&quot;&quot;,&quot;user&quot;:&quot;&quot;,&quot;userInfo&quot;:&quot;&quot;,&quot;authority&quot;:&quot;&quot;,&quot;protocol&quot;:&quot;&quot;,&quot;source&quot;:&quot;/elements&quot;,&quot;queryKey&quot;:{},&quot;chunks&quot;:[&quot;elements&quot;]},&quot;urlOriginal&quot;:&quot;/session/fa45ae40-b9f8-11ea-a6e1-adf1969df799/elements&quot;}}
Command duration or timeout: 1.55 seconds
Build info: version: &apos;2.53.0&apos;, revision: &apos;35ae25b1534ae328c771e0856c93e187490ca824&apos;, time: &apos;2016-03-15 10:43:46&apos;
System info: host: &apos;IN04144&apos;, ip: &apos;172.17.134.37&apos;, os.name: &apos;Windows 10&apos;, os.arch: &apos;amd64&apos;, os.version: &apos;10.0&apos;, java.version: &apos;1.8.0_151&apos;
Driver info: org.openqa.selenium.phantomjs.PhantomJSDriver
Capabilities [{applicationCacheEnabled=false, rotatable=false, handlesAlerts=false, databaseEnabled=false, version=2.1.1, platform=XP, browserConnectionEnabled=false, proxy={proxyType=direct}, nativeEvents=true, acceptSslCerts=false, driverVersion=1.2.0, locationContextEnabled=false, webStorageEnabled=false, browserName=phantomjs, takesScreenshot=true, driverName=ghostdriver, javascriptEnabled=true, cssSelectorsEnabled=true}]
Session ID: fa45ae40-b9f8-11ea-a6e1-adf1969df799
*** Element info: {Using=class name, value=(//*[@class=&apos;ish-error&apos;])}
	at org.openqa.selenium.remote.ErrorHandler.createThrowable(ErrorHandler.java:206)
	at org.openqa.selenium.remote.ErrorHandler.throwIfResponseFailed(ErrorHandler.java:158)
	at org.openqa.selenium.remote.RemoteWebDriver.execute(RemoteWebDriver.java:678)
	at org.openqa.selenium.remote.RemoteWebDriver.findElements(RemoteWebDriver.java:388)
	at org.openqa.selenium.remote.RemoteWebDriver.findElementsByClassName(RemoteWebDriver.java:485)
	at org.openqa.selenium.By$ByClassName.findElements(By.java:383)
	at org.openqa.selenium.remote.RemoteWebDriver.findElements(RemoteWebDriver.java:351)
	at com.eperium.jumpstart.testframework.xml.ValidateableXMLElement.validateTextForElement(ValidateableXMLElement.java:84)
	at com.eperium.jumpstart.testframework.xml.VisibleTextElement$1.apply(VisibleTextElement.java:43)
	at com.eperium.jumpstart.testframework.xml.VisibleTextElement$1.apply(VisibleTextElement.java:1)
	at org.openqa.selenium.support.ui.FluentWait.until(FluentWait.java:238)
	at com.eperium.jumpstart.testframework.xml.VisibleTextElement._validate(VisibleTextElement.java:38)
	at com.eperium.jumpstart.testframework.xml.VisibleTextElement.validate(VisibleTextElement.java:18)
	at com.eperium.jumpstart.testframework.utils.TestCaseUtil.checkAllTextMsgs(TestCaseUtil.java:60)
	at com.eperium.jumpstart.JumpStartTestSuite.removeProductAndVerifyCart(JumpStartTestSuite.java:6034)
Caused by: org.openqa.selenium.remote.ScreenshotException: Screen shot has been taken
Build info: version: &apos;2.53.0&apos;, revision: &apos;35ae25b1534ae328c771e0856c93e187490ca824&apos;, time: &apos;2016-03-15 10:43:46&apos;
System info: host: &apos;IN04144&apos;, ip: &apos;172.17.134.37&apos;, os.name: &apos;Windows 10&apos;, os.arch: &apos;amd64&apos;, os.version: &apos;10.0&apos;, java.version: &apos;1.8.0_151&apos;
Driver info: driver.version: RemoteWebDriver
	at org.openqa.selenium.remote.ErrorHandler.throwIfResponseFailed(ErrorHandler.java:138)
	... 38 more
Caused by: org.openqa.selenium.InvalidElementStateException: {&quot;errorMessage&quot;:&quot;SyntaxError: DOM Exception 12&quot;,&quot;request&quot;:{&quot;headers&quot;:{&quot;Accept-Encoding&quot;:&quot;gzip,deflate&quot;,&quot;Connection&quot;:&quot;Keep-Alive&quot;,&quot;Content-Length&quot;:&quot;58&quot;,&quot;Content-Type&quot;:&quot;application/json; charset=utf-8&quot;,&quot;Host&quot;:&quot;localhost:20664&quot;,&quot;User-Agent&quot;:&quot;Apache-HttpClient/4.5.2 (Java/1.8.0_151)&quot;},&quot;httpVersion&quot;:&quot;1.1&quot;,&quot;method&quot;:&quot;POST&quot;,&quot;post&quot;:&quot;{\&quot;using\&quot;:\&quot;class name\&quot;,\&quot;value\&quot;:\&quot;(//*[@class=&apos;ish-error&apos;])\&quot;}&quot;,&quot;url&quot;:&quot;/elements&quot;,&quot;urlParsed&quot;:{&quot;anchor&quot;:&quot;&quot;,&quot;query&quot;:&quot;&quot;,&quot;file&quot;:&quot;elements&quot;,&quot;directory&quot;:&quot;/&quot;,&quot;path&quot;:&quot;/elements&quot;,&quot;relative&quot;:&quot;/elements&quot;,&quot;port&quot;:&quot;&quot;,&quot;host&quot;:&quot;&quot;,&quot;password&quot;:&quot;&quot;,&quot;user&quot;:&quot;&quot;,&quot;userInfo&quot;:&quot;&quot;,&quot;authority&quot;:&quot;&quot;,&quot;protocol&quot;:&quot;&quot;,&quot;source&quot;:&quot;/elements&quot;,&quot;queryKey&quot;:{},&quot;chunks&quot;:[&quot;elements&quot;]},&quot;urlOriginal&quot;:&quot;/session/fa45ae40-b9f8-11ea-a6e1-adf1969df799/elements&quot;}}
Build info: version: &apos;2.53.0&apos;, revision: &apos;35ae25b1534ae328c771e0856c93e187490ca824&apos;, time: &apos;2016-03-15 10:43:46&apos;
System info: host: &apos;IN04144&apos;, ip: &apos;172.17.134.37&apos;, os.name: &apos;Windows 10&apos;, os.arch: &apos;amd64&apos;, os.version: &apos;10.0&apos;, java.version: &apos;1.8.0_151&apos;
Driver info: driver.version: unknown
... Removed 29 stack frames</pre></div><a href='#' onClick='toggleBox("stack-trace1651667865", this, "Click to show all stack frames", "Click to hide stack frames")'>Click to show all stack frames</a>
<div class='stack-trace' id='stack-trace1651667865'><pre>org.openqa.selenium.InvalidElementStateException: {&quot;errorMessage&quot;:&quot;SyntaxError: DOM Exception 12&quot;,&quot;request&quot;:{&quot;headers&quot;:{&quot;Accept-Encoding&quot;:&quot;gzip,deflate&quot;,&quot;Connection&quot;:&quot;Keep-Alive&quot;,&quot;Content-Length&quot;:&quot;58&quot;,&quot;Content-Type&quot;:&quot;application/json; charset=utf-8&quot;,&quot;Host&quot;:&quot;localhost:20664&quot;,&quot;User-Agent&quot;:&quot;Apache-HttpClient/4.5.2 (Java/1.8.0_151)&quot;},&quot;httpVersion&quot;:&quot;1.1&quot;,&quot;method&quot;:&quot;POST&quot;,&quot;post&quot;:&quot;{\&quot;using\&quot;:\&quot;class name\&quot;,\&quot;value\&quot;:\&quot;(//*[@class=&apos;ish-error&apos;])\&quot;}&quot;,&quot;url&quot;:&quot;/elements&quot;,&quot;urlParsed&quot;:{&quot;anchor&quot;:&quot;&quot;,&quot;query&quot;:&quot;&quot;,&quot;file&quot;:&quot;elements&quot;,&quot;directory&quot;:&quot;/&quot;,&quot;path&quot;:&quot;/elements&quot;,&quot;relative&quot;:&quot;/elements&quot;,&quot;port&quot;:&quot;&quot;,&quot;host&quot;:&quot;&quot;,&quot;password&quot;:&quot;&quot;,&quot;user&quot;:&quot;&quot;,&quot;userInfo&quot;:&quot;&quot;,&quot;authority&quot;:&quot;&quot;,&quot;protocol&quot;:&quot;&quot;,&quot;source&quot;:&quot;/elements&quot;,&quot;queryKey&quot;:{},&quot;chunks&quot;:[&quot;elements&quot;]},&quot;urlOriginal&quot;:&quot;/session/fa45ae40-b9f8-11ea-a6e1-adf1969df799/elements&quot;}}
Command duration or timeout: 1.55 seconds
Build info: version: &apos;2.53.0&apos;, revision: &apos;35ae25b1534ae328c771e0856c93e187490ca824&apos;, time: &apos;2016-03-15 10:43:46&apos;
System info: host: &apos;IN04144&apos;, ip: &apos;172.17.134.37&apos;, os.name: &apos;Windows 10&apos;, os.arch: &apos;amd64&apos;, os.version: &apos;10.0&apos;, java.version: &apos;1.8.0_151&apos;
Driver info: org.openqa.selenium.phantomjs.PhantomJSDriver
Capabilities [{applicationCacheEnabled=false, rotatable=false, handlesAlerts=false, databaseEnabled=false, version=2.1.1, platform=XP, browserConnectionEnabled=false, proxy={proxyType=direct}, nativeEvents=true, acceptSslCerts=false, driverVersion=1.2.0, locationContextEnabled=false, webStorageEnabled=false, browserName=phantomjs, takesScreenshot=true, driverName=ghostdriver, javascriptEnabled=true, cssSelectorsEnabled=true}]
Session ID: fa45ae40-b9f8-11ea-a6e1-adf1969df799
*** Element info: {Using=class name, value=(//*[@class=&apos;ish-error&apos;])}
	at sun.reflect.NativeConstructorAccessorImpl.newInstance0(Native Method)
	at sun.reflect.NativeConstructorAccessorImpl.newInstance(NativeConstructorAccessorImpl.java:62)
	at sun.reflect.DelegatingConstructorAccessorImpl.newInstance(DelegatingConstructorAccessorImpl.java:45)
	at java.lang.reflect.Constructor.newInstance(Constructor.java:423)
	at org.openqa.selenium.remote.ErrorHandler.createThrowable(ErrorHandler.java:206)
	at org.openqa.selenium.remote.ErrorHandler.throwIfResponseFailed(ErrorHandler.java:158)
	at org.openqa.selenium.remote.RemoteWebDriver.execute(RemoteWebDriver.java:678)
	at org.openqa.selenium.remote.RemoteWebDriver.findElements(RemoteWebDriver.java:388)
	at org.openqa.selenium.remote.RemoteWebDriver.findElementsByClassName(RemoteWebDriver.java:485)
	at org.openqa.selenium.By$ByClassName.findElements(By.java:383)
	at org.openqa.selenium.remote.RemoteWebDriver.findElements(RemoteWebDriver.java:351)
	at com.eperium.jumpstart.testframework.xml.ValidateableXMLElement.validateTextForElement(ValidateableXMLElement.java:84)
	at com.eperium.jumpstart.testframework.xml.VisibleTextElement$1.apply(VisibleTextElement.java:43)
	at com.eperium.jumpstart.testframework.xml.VisibleTextElement$1.apply(VisibleTextElement.java:1)
	at org.openqa.selenium.support.ui.FluentWait.until(FluentWait.java:238)
	at com.eperium.jumpstart.testframework.xml.VisibleTextElement._validate(VisibleTextElement.java:38)
	at com.eperium.jumpstart.testframework.xml.VisibleTextElement.validate(VisibleTextElement.java:18)
	at com.eperium.jumpstart.testframework.utils.TestCaseUtil.checkAllTextMsgs(TestCaseUtil.java:60)
	at com.eperium.jumpstart.JumpStartTestSuite.removeProductAndVerifyCart(JumpStartTestSuite.java:6034)
	at sun.reflect.NativeMethodAccessorImpl.invoke0(Native Method)
	at sun.reflect.NativeMethodAccessorImpl.invoke(NativeMethodAccessorImpl.java:62)
	at sun.reflect.DelegatingMethodAccessorImpl.invoke(DelegatingMethodAccessorImpl.java:43)
	at java.lang.reflect.Method.invoke(Method.java:498)
	at org.testng.internal.MethodInvocationHelper.invokeMethod(MethodInvocationHelper.java:108)
	at org.testng.internal.Invoker.invokeMethod(Invoker.java:661)
	at org.testng.internal.Invoker.invokeTestMethod(Invoker.java:869)
	at org.testng.internal.Invoker.invokeTestMethods(Invoker.java:1193)
	at org.testng.internal.TestMethodWorker.invokeTestMethods(TestMethodWorker.java:126)
	at org.testng.internal.TestMethodWorker.run(TestMethodWorker.java:109)
	at org.testng.TestRunner.privateRun(TestRunner.java:744)
	at org.testng.TestRunner.run(TestRunner.java:602)
	at org.testng.SuiteRunner.runTest(SuiteRunner.java:380)
	at org.testng.SuiteRunner.runSequentially(SuiteRunner.java:375)
	at org.testng.SuiteRunner.privateRun(SuiteRunner.java:340)
	at org.testng.SuiteRunner.run(SuiteRunner.java:289)
	at org.testng.SuiteRunnerWorker.runSuite(SuiteRunnerWorker.java:52)
	at org.testng.SuiteRunnerWorker.run(SuiteRunnerWorker.java:86)
	at org.testng.TestNG.runSuitesSequentially(TestNG.java:1301)
	at org.testng.TestNG.runSuitesLocally(TestNG.java:1226)
	at org.testng.TestNG.runSuites(TestNG.java:1144)
	at org.testng.TestNG.run(TestNG.java:1115)
	at org.testng.remote.AbstractRemoteTestNG.run(AbstractRemoteTestNG.java:115)
	at org.testng.remote.RemoteTestNG.initAndRun(RemoteTestNG.java:251)
	at org.testng.remote.RemoteTestNG.main(RemoteTestNG.java:77)
Caused by: org.openqa.selenium.remote.ScreenshotException: Screen shot has been taken
Build info: version: &apos;2.53.0&apos;, revision: &apos;35ae25b1534ae328c771e0856c93e187490ca824&apos;, time: &apos;2016-03-15 10:43:46&apos;
System info: host: &apos;IN04144&apos;, ip: &apos;172.17.134.37&apos;, os.name: &apos;Windows 10&apos;, os.arch: &apos;amd64&apos;, os.version: &apos;10.0&apos;, java.version: &apos;1.8.0_151&apos;
Driver info: driver.version: RemoteWebDriver
	at org.openqa.selenium.remote.ErrorHandler.throwIfResponseFailed(ErrorHandler.java:138)
	... 38 more
Caused by: org.openqa.selenium.InvalidElementStateException: {&quot;errorMessage&quot;:&quot;SyntaxError: DOM Exception 12&quot;,&quot;request&quot;:{&quot;headers&quot;:{&quot;Accept-Encoding&quot;:&quot;gzip,deflate&quot;,&quot;Connection&quot;:&quot;Keep-Alive&quot;,&quot;Content-Length&quot;:&quot;58&quot;,&quot;Content-Type&quot;:&quot;application/json; charset=utf-8&quot;,&quot;Host&quot;:&quot;localhost:20664&quot;,&quot;User-Agent&quot;:&quot;Apache-HttpClient/4.5.2 (Java/1.8.0_151)&quot;},&quot;httpVersion&quot;:&quot;1.1&quot;,&quot;method&quot;:&quot;POST&quot;,&quot;post&quot;:&quot;{\&quot;using\&quot;:\&quot;class name\&quot;,\&quot;value\&quot;:\&quot;(//*[@class=&apos;ish-error&apos;])\&quot;}&quot;,&quot;url&quot;:&quot;/elements&quot;,&quot;urlParsed&quot;:{&quot;anchor&quot;:&quot;&quot;,&quot;query&quot;:&quot;&quot;,&quot;file&quot;:&quot;elements&quot;,&quot;directory&quot;:&quot;/&quot;,&quot;path&quot;:&quot;/elements&quot;,&quot;relative&quot;:&quot;/elements&quot;,&quot;port&quot;:&quot;&quot;,&quot;host&quot;:&quot;&quot;,&quot;password&quot;:&quot;&quot;,&quot;user&quot;:&quot;&quot;,&quot;userInfo&quot;:&quot;&quot;,&quot;authority&quot;:&quot;&quot;,&quot;protocol&quot;:&quot;&quot;,&quot;source&quot;:&quot;/elements&quot;,&quot;queryKey&quot;:{},&quot;chunks&quot;:[&quot;elements&quot;]},&quot;urlOriginal&quot;:&quot;/session/fa45ae40-b9f8-11ea-a6e1-adf1969df799/elements&quot;}}
Build info: version: &apos;2.53.0&apos;, revision: &apos;35ae25b1534ae328c771e0856c93e187490ca824&apos;, time: &apos;2016-03-15 10:43:46&apos;
System info: host: &apos;IN04144&apos;, ip: &apos;172.17.134.37&apos;, os.name: &apos;Windows 10&apos;, os.arch: &apos;amd64&apos;, os.version: &apos;10.0&apos;, java.version: &apos;1.8.0_151&apos;
Driver info: driver.version: unknown
</pre></div></td>
<td>4</td>
<td>com.eperium.jumpstart.JumpStartTestSuite@5a8806ef</td></tr>
</table><p>
<table width='100%' border='1' class='invocation-passed'>
<tr><td colspan='4' align='center'><b>PASSED TESTS</b></td></tr>
<tr><td><b>Test method</b></td>
<td width="30%"><b>Exception</b></td>
<td width="10%"><b>Time (seconds)</b></td>
<td><b>Instance</b></td>
</tr>
<tr>
<td title='com.eperium.jumpstart.JumpStartTestSuite.GoToSecondPage()'><b>GoToSecondPage</b><br>Test class: com.eperium.jumpstart.JumpStartTestSuite<br>Test method: Go To Second Page</td>
<td></td>
<td>25</td>
<td>com.eperium.jumpstart.JumpStartTestSuite@5a8806ef</td></tr>
<tr>
<td title='com.eperium.jumpstart.JumpStartTestSuite.addFirstPDPToCompareList()'><b>addFirstPDPToCompareList</b><br>Test class: com.eperium.jumpstart.JumpStartTestSuite<br>Test method: Add First Product To Compare List from PDP</td>
<td></td>
<td>7</td>
<td>com.eperium.jumpstart.JumpStartTestSuite@5a8806ef</td></tr>
<tr>
<td title='com.eperium.jumpstart.JumpStartTestSuite.addSecondPDPToCompareList()'><b>addSecondPDPToCompareList</b><br>Test class: com.eperium.jumpstart.JumpStartTestSuite<br>Test method: Add Second Product To Compare List from PDP</td>
<td></td>
<td>6</td>
<td>com.eperium.jumpstart.JumpStartTestSuite@5a8806ef</td></tr>
<tr>
<td title='com.eperium.jumpstart.JumpStartTestSuite.closeCookieWarning()'><b>closeCookieWarning</b><br>Test class: com.eperium.jumpstart.JumpStartTestSuite<br>Test method: check that cookie warning closes</td>
<td></td>
<td>4</td>
<td>com.eperium.jumpstart.JumpStartTestSuite@5a8806ef</td></tr>
<tr>
<td title='com.eperium.jumpstart.JumpStartTestSuite.enterAndSearchStringSTAR()'><b>enterAndSearchStringSTAR</b><br>Test class: com.eperium.jumpstart.JumpStartTestSuite<br>Test method: Search with * Search String</td>
<td></td>
<td>28</td>
<td>com.eperium.jumpstart.JumpStartTestSuite@5a8806ef</td></tr>
<tr>
<td title='com.eperium.jumpstart.JumpStartTestSuite.enterAndSearchStringSTAR1()'><b>enterAndSearchStringSTAR1</b><br>Test class: com.eperium.jumpstart.JumpStartTestSuite<br>Test method: Search with * Search String</td>
<td></td>
<td>11</td>
<td>com.eperium.jumpstart.JumpStartTestSuite@5a8806ef</td></tr>
<tr>
<td title='com.eperium.jumpstart.JumpStartTestSuite.goToLoginPage()'><b>goToLoginPage</b><br>Test class: com.eperium.jumpstart.JumpStartTestSuite<br>Test method: Navigate To login page</td>
<td></td>
<td>1</td>
<td>com.eperium.jumpstart.JumpStartTestSuite@5a8806ef</td></tr>
<tr>
<td title='com.eperium.jumpstart.JumpStartTestSuite.gotoFirstPDP()'><b>gotoFirstPDP</b><br>Test class: com.eperium.jumpstart.JumpStartTestSuite<br>Test method: Goto PDP</td>
<td></td>
<td>15</td>
<td>com.eperium.jumpstart.JumpStartTestSuite@5a8806ef</td></tr>
<tr>
<td title='com.eperium.jumpstart.JumpStartTestSuite.gotoSecondPDP()'><b>gotoSecondPDP</b><br>Test class: com.eperium.jumpstart.JumpStartTestSuite<br>Test method: Go to Second PDP</td>
<td></td>
<td>10</td>
<td>com.eperium.jumpstart.JumpStartTestSuite@5a8806ef</td></tr>
<tr>
<td title='com.eperium.jumpstart.JumpStartTestSuite.launchHomePage()'><b>launchHomePage</b><br>Test class: com.eperium.jumpstart.JumpStartTestSuite<br>Test method: Launch Home Page</td>
<td></td>
<td>7</td>
<td>com.eperium.jumpstart.JumpStartTestSuite@5a8806ef</td></tr>
<tr>
<td title='com.eperium.jumpstart.JumpStartTestSuite.loginCustomerBuyer()'><b>loginCustomerBuyer</b><br>Test class: com.eperium.jumpstart.JumpStartTestSuite<br>Test method: Login Buyer</td>
<td></td>
<td>20</td>
<td>com.eperium.jumpstart.JumpStartTestSuite@5a8806ef</td></tr>
</table><p>
</body>
</html>