<?xml version="1.0" encoding="UTF-8"?>
<!-- Generated by org.testng.reporters.JUnitXMLReporter -->
<testsuite hostname="IN04144" ignored="282" name="AddProductToCart" tests="7" failures="1" timestamp="27 Feb 2020 07:33:24 GMT" time="127.722" errors="0">
  <testcase name="launchHomePage" time="25.264" classname="com.eperium.jumpstart.JumpStartTestSuite"/>
  <testcase name="goToLoginPage" time="3.848" classname="com.eperium.jumpstart.JumpStartTestSuite"/>
  <testcase name="loginCustomerBuyer" time="14.97" classname="com.eperium.jumpstart.JumpStartTestSuite"/>
  <testcase name="closeCookieWarning" time="4.12" classname="com.eperium.jumpstart.JumpStartTestSuite"/>
  <testcase name="enterAndSearchStringSTAR" time="24.297" classname="com.eperium.jumpstart.JumpStartTestSuite"/>
  <testcase name="gotoFirstPDP" time="29.136" classname="com.eperium.jumpstart.JumpStartTestSuite"/>
  <testcase name="addProducttoCartFromPDP" time="15.133" classname="com.eperium.jumpstart.JumpStartTestSuite">
    <failure type="org.openqa.selenium.NoSuchElementException" message="no such element: Unable to locate element: {&amp;quot;method&amp;quot;:&amp;quot;xpath&amp;quot;,&amp;quot;selector&amp;quot;:&amp;quot;html/body/div[5]/div[2]/div/div/div/div[1]/div[2]/div/div[2]/span[2]&amp;quot;}
  (Session info: chrome=79.0.3945.130)
  (Driver info: chromedriver=2.42.591088 (7b2b2dca23cca0862f674758c9a3933e685c27d5),platform=Windows NT 10.0.18363 x86_64) (WARNING: The server did not provide any stacktrace information)
Command duration or timeout: 20 milliseconds
For documentation on this error, please visit: http://seleniumhq.org/exceptions/no_such_element.html
Build info: version: &amp;apos;2.53.0&amp;apos;, revision: &amp;apos;35ae25b1534ae328c771e0856c93e187490ca824&amp;apos;, time: &amp;apos;2016-03-15 10:43:46&amp;apos;
System info: host: &amp;apos;IN04144&amp;apos;, ip: &amp;apos;172.17.133.80&amp;apos;, os.name: &amp;apos;Windows 10&amp;apos;, os.arch: &amp;apos;amd64&amp;apos;, os.version: &amp;apos;10.0&amp;apos;, java.version: &amp;apos;1.8.0_151&amp;apos;
Driver info: org.openqa.selenium.chrome.ChromeDriver
Capabilities [{mobileEmulationEnabled=false, hasTouchScreen=false, platform=XP, acceptSslCerts=false, goog:chromeOptions={debuggerAddress=localhost:55590}, acceptInsecureCerts=false, webStorageEnabled=true, browserName=chrome, takesScreenshot=true, javascriptEnabled=true, setWindowRect=true, unexpectedAlertBehaviour=, applicationCacheEnabled=false, rotatable=false, networkConnectionEnabled=false, chrome={chromedriverVersion=2.42.591088 (7b2b2dca23cca0862f674758c9a3933e685c27d5), userDataDir=C:\Users\sprakash\AppData\Local\Temp\scoped_dir17820_31190}, takesHeapSnapshot=true, pageLoadStrategy=normal, databaseEnabled=false, handlesAlerts=true, version=79.0.3945.130, browserConnectionEnabled=false, nativeEvents=true, locationContextEnabled=true, cssSelectorsEnabled=true}]
Session ID: 32060a6a836737cb4b01bab563aebbdc
*** Element info: {Using=xpath, value=html/body/div[5]/div[2]/div/div/div/div[1]/div[2]/div/div[2]/span[2]}">
      <![CDATA[org.openqa.selenium.NoSuchElementException: no such element: Unable to locate element: {"method":"xpath","selector":"html/body/div[5]/div[2]/div/div/div/div[1]/div[2]/div/div[2]/span[2]"}
  (Session info: chrome=79.0.3945.130)
  (Driver info: chromedriver=2.42.591088 (7b2b2dca23cca0862f674758c9a3933e685c27d5),platform=Windows NT 10.0.18363 x86_64) (WARNING: The server did not provide any stacktrace information)
Command duration or timeout: 20 milliseconds
For documentation on this error, please visit: http://seleniumhq.org/exceptions/no_such_element.html
Build info: version: '2.53.0', revision: '35ae25b1534ae328c771e0856c93e187490ca824', time: '2016-03-15 10:43:46'
System info: host: 'IN04144', ip: '172.17.133.80', os.name: 'Windows 10', os.arch: 'amd64', os.version: '10.0', java.version: '1.8.0_151'
Driver info: org.openqa.selenium.chrome.ChromeDriver
Capabilities [{mobileEmulationEnabled=false, hasTouchScreen=false, platform=XP, acceptSslCerts=false, goog:chromeOptions={debuggerAddress=localhost:55590}, acceptInsecureCerts=false, webStorageEnabled=true, browserName=chrome, takesScreenshot=true, javascriptEnabled=true, setWindowRect=true, unexpectedAlertBehaviour=, applicationCacheEnabled=false, rotatable=false, networkConnectionEnabled=false, chrome={chromedriverVersion=2.42.591088 (7b2b2dca23cca0862f674758c9a3933e685c27d5), userDataDir=C:\Users\sprakash\AppData\Local\Temp\scoped_dir17820_31190}, takesHeapSnapshot=true, pageLoadStrategy=normal, databaseEnabled=false, handlesAlerts=true, version=79.0.3945.130, browserConnectionEnabled=false, nativeEvents=true, locationContextEnabled=true, cssSelectorsEnabled=true}]
Session ID: 32060a6a836737cb4b01bab563aebbdc
*** Element info: {Using=xpath, value=html/body/div[5]/div[2]/div/div/div/div[1]/div[2]/div/div[2]/span[2]}
	at sun.reflect.NativeConstructorAccessorImpl.newInstance0(Native Method)
	at sun.reflect.NativeConstructorAccessorImpl.newInstance(NativeConstructorAccessorImpl.java:62)
	at sun.reflect.DelegatingConstructorAccessorImpl.newInstance(DelegatingConstructorAccessorImpl.java:45)
	at java.lang.reflect.Constructor.newInstance(Constructor.java:423)
	at org.openqa.selenium.remote.ErrorHandler.createThrowable(ErrorHandler.java:206)
	at org.openqa.selenium.remote.ErrorHandler.throwIfResponseFailed(ErrorHandler.java:158)
	at org.openqa.selenium.remote.RemoteWebDriver.execute(RemoteWebDriver.java:678)
	at org.openqa.selenium.remote.RemoteWebDriver.findElement(RemoteWebDriver.java:363)
	at org.openqa.selenium.remote.RemoteWebDriver.findElementByXPath(RemoteWebDriver.java:500)
	at org.openqa.selenium.By$ByXPath.findElement(By.java:361)
	at org.openqa.selenium.remote.RemoteWebDriver.findElement(RemoteWebDriver.java:355)
	at com.eperium.jumpstart.JumpStartTestSuite.addProducttoCartFromPDP(JumpStartTestSuite.java:3295)
	at sun.reflect.NativeMethodAccessorImpl.invoke0(Native Method)
	at sun.reflect.NativeMethodAccessorImpl.invoke(NativeMethodAccessorImpl.java:62)
	at sun.reflect.DelegatingMethodAccessorImpl.invoke(DelegatingMethodAccessorImpl.java:43)
	at java.lang.reflect.Method.invoke(Method.java:498)
	at org.testng.internal.MethodInvocationHelper.invokeMethod(MethodInvocationHelper.java:108)
	at org.testng.internal.Invoker.invokeMethod(Invoker.java:661)
	at org.testng.internal.Invoker.invokeTestMethod(Invoker.java:869)
	at org.testng.internal.Invoker.invokeTestMethods(Invoker.java:1193)
	at org.testng.internal.TestMethodWorker.invokeTestMethods(TestMethodWorker.java:126)
	at org.testng.internal.TestMethodWorker.run(TestMethodWorker.java:109)
	at org.testng.TestRunner.privateRun(TestRunner.java:744)
	at org.testng.TestRunner.run(TestRunner.java:602)
	at org.testng.SuiteRunner.runTest(SuiteRunner.java:380)
	at org.testng.SuiteRunner.runSequentially(SuiteRunner.java:375)
	at org.testng.SuiteRunner.privateRun(SuiteRunner.java:340)
	at org.testng.SuiteRunner.run(SuiteRunner.java:289)
	at org.testng.SuiteRunnerWorker.runSuite(SuiteRunnerWorker.java:52)
	at org.testng.SuiteRunnerWorker.run(SuiteRunnerWorker.java:86)
	at org.testng.TestNG.runSuitesSequentially(TestNG.java:1301)
	at org.testng.TestNG.runSuitesLocally(TestNG.java:1226)
	at org.testng.TestNG.runSuites(TestNG.java:1144)
	at org.testng.TestNG.run(TestNG.java:1115)
	at org.testng.remote.AbstractRemoteTestNG.run(AbstractRemoteTestNG.java:115)
	at org.testng.remote.RemoteTestNG.initAndRun(RemoteTestNG.java:251)
	at org.testng.remote.RemoteTestNG.main(RemoteTestNG.java:77)
]]>
    </failure>
  </testcase> <!-- addProducttoCartFromPDP -->
  <testcase name="changeChkoutAddress" time="0.0" classname="com.eperium.jumpstart.JumpStartTestSuite">
    <ignored/>
  </testcase> <!-- changeChkoutAddress -->
  <testcase name="updatePassword" time="0.0" classname="com.eperium.jumpstart.JumpStartTestSuite">
    <ignored/>
  </testcase> <!-- updatePassword -->
  <testcase name="saveOrderTemplateFromBundeledPDP" time="0.0" classname="com.eperium.jumpstart.JumpStartTestSuite">
    <ignored/>
  </testcase> <!-- saveOrderTemplateFromBundeledPDP -->
  <testcase name="verifyPackagingInfoOnAddressPage" time="0.0" classname="com.eperium.jumpstart.JumpStartTestSuite">
    <ignored/>
  </testcase> <!-- verifyPackagingInfoOnAddressPage -->
  <testcase name="changeSpecificDeliveryAddress" time="0.0" classname="com.eperium.jumpstart.JumpStartTestSuite">
    <ignored/>
  </testcase> <!-- changeSpecificDeliveryAddress -->
  <testcase name="editAddressDetailsAndDeleteCostCenter" time="0.0" classname="com.eperium.jumpstart.JumpStartTestSuite">
    <ignored/>
  </testcase> <!-- editAddressDetailsAndDeleteCostCenter -->
  <testcase name="viewUpdatedNameAtHeader" time="0.0" classname="com.eperium.jumpstart.JumpStartTestSuite">
    <ignored/>
  </testcase> <!-- viewUpdatedNameAtHeader -->
  <testcase name="gotoForgotPasswordPage" time="0.0" classname="com.eperium.jumpstart.JumpStartTestSuite">
    <ignored/>
  </testcase> <!-- gotoForgotPasswordPage -->
  <testcase name="validateQtyInOrderTemplate" time="0.0" classname="com.eperium.jumpstart.JumpStartTestSuite">
    <ignored/>
  </testcase> <!-- validateQtyInOrderTemplate -->
  <testcase name="filter" time="0.0" classname="com.eperium.jumpstart.JumpStartTestSuite">
    <ignored/>
  </testcase> <!-- filter -->
  <testcase name="gotoFifthPDP" time="0.0" classname="com.eperium.jumpstart.JumpStartTestSuite">
    <ignored/>
  </testcase> <!-- gotoFifthPDP -->
  <testcase name="openOrderTemplateAndAddProductToCartAndVerify" time="0.0" classname="com.eperium.jumpstart.JumpStartTestSuite">
    <ignored/>
  </testcase> <!-- openOrderTemplateAndAddProductToCartAndVerify -->
  <testcase name="viewUserNameOnDashboard" time="0.0" classname="com.eperium.jumpstart.JumpStartTestSuite">
    <ignored/>
  </testcase> <!-- viewUserNameOnDashboard -->
  <testcase name="validateItemPerPageDropDown" time="0.0" classname="com.eperium.jumpstart.JumpStartTestSuite">
    <ignored/>
  </testcase> <!-- validateItemPerPageDropDown -->
  <testcase name="gridToListView" time="0.0" classname="com.eperium.jumpstart.JumpStartTestSuite">
    <ignored/>
  </testcase> <!-- gridToListView -->
  <testcase name="openNewWindow" time="0.0" classname="com.eperium.jumpstart.JumpStartTestSuite">
    <ignored/>
  </testcase> <!-- openNewWindow -->
  <testcase name="resetUserName" time="0.0" classname="com.eperium.jumpstart.JumpStartTestSuite">
    <ignored/>
  </testcase> <!-- resetUserName -->
  <testcase name="addOrderTemplateFromMyAccount" time="0.0" classname="com.eperium.jumpstart.JumpStartTestSuite">
    <ignored/>
  </testcase> <!-- addOrderTemplateFromMyAccount -->
  <testcase name="paymentToConfirmOrderWithReference" time="0.0" classname="com.eperium.jumpstart.JumpStartTestSuite">
    <ignored/>
  </testcase> <!-- paymentToConfirmOrderWithReference -->
  <testcase name="shippmentPageValidateCartSummary" time="0.0" classname="com.eperium.jumpstart.JumpStartTestSuite">
    <ignored/>
  </testcase> <!-- shippmentPageValidateCartSummary -->
  <testcase name="uploadFileInvalidQtyNonnumeric" time="0.0" classname="com.eperium.jumpstart.JumpStartTestSuite">
    <ignored/>
  </testcase> <!-- uploadFileInvalidQtyNonnumeric -->
  <testcase name="getAndVerifyAddressDetailOnConfirmationPage" time="0.0" classname="com.eperium.jumpstart.JumpStartTestSuite">
    <ignored/>
  </testcase> <!-- getAndVerifyAddressDetailOnConfirmationPage -->
  <testcase name="gotoSavedAddressPage" time="0.0" classname="com.eperium.jumpstart.JumpStartTestSuite">
    <ignored/>
  </testcase> <!-- gotoSavedAddressPage -->
  <testcase name="verifyRegistrationPageBlankFields" time="0.0" classname="com.eperium.jumpstart.JumpStartTestSuite">
    <ignored/>
  </testcase> <!-- verifyRegistrationPageBlankFields -->
  <testcase name="verifyUserRole1" time="0.0" classname="com.eperium.jumpstart.JumpStartTestSuite">
    <ignored/>
  </testcase> <!-- verifyUserRole1 -->
  <testcase name="goToSolrPriceQuery" time="0.0" classname="com.eperium.jumpstart.JumpStartTestSuite">
    <ignored/>
  </testcase> <!-- goToSolrPriceQuery -->
  <testcase name="verifyUserRole2" time="0.0" classname="com.eperium.jumpstart.JumpStartTestSuite">
    <ignored/>
  </testcase> <!-- verifyUserRole2 -->
  <testcase name="orderConfirmationWithMerchantMessage" time="0.0" classname="com.eperium.jumpstart.JumpStartTestSuite">
    <ignored/>
  </testcase> <!-- orderConfirmationWithMerchantMessage -->
  <testcase name="editAddressDetailsAndAddCostCenter" time="0.0" classname="com.eperium.jumpstart.JumpStartTestSuite">
    <ignored/>
  </testcase> <!-- editAddressDetailsAndAddCostCenter -->
  <testcase name="passwordNotAlphanuneric" time="0.0" classname="com.eperium.jumpstart.JumpStartTestSuite">
    <ignored/>
  </testcase> <!-- passwordNotAlphanuneric -->
  <testcase name="addProductToCartFromLister" time="0.0" classname="com.eperium.jumpstart.JumpStartTestSuite">
    <ignored/>
  </testcase> <!-- addProductToCartFromLister -->
  <testcase name="goToChangePasswordPageAgain" time="0.0" classname="com.eperium.jumpstart.JumpStartTestSuite">
    <ignored/>
  </testcase> <!-- goToChangePasswordPageAgain -->
  <testcase name="goToChangePasswordPage" time="0.0" classname="com.eperium.jumpstart.JumpStartTestSuite">
    <ignored/>
  </testcase> <!-- goToChangePasswordPage -->
  <testcase name="validate24ItemPerPage" time="0.0" classname="com.eperium.jumpstart.JumpStartTestSuite">
    <ignored/>
  </testcase> <!-- validate24ItemPerPage -->
  <testcase name="closeQuickViewPopup" time="0.0" classname="com.eperium.jumpstart.JumpStartTestSuite">
    <ignored/>
  </testcase> <!-- closeQuickViewPopup -->
  <testcase name="loginUsingPopIn" time="0.0" classname="com.eperium.jumpstart.JumpStartTestSuite">
    <ignored/>
  </testcase> <!-- loginUsingPopIn -->
  <testcase name="navigatetoMyAccount1" time="0.0" classname="com.eperium.jumpstart.JumpStartTestSuite">
    <ignored/>
  </testcase> <!-- navigatetoMyAccount1 -->
  <testcase name="enterRefIdAndName" time="0.0" classname="com.eperium.jumpstart.JumpStartTestSuite">
    <ignored/>
  </testcase> <!-- enterRefIdAndName -->
  <testcase name="browseAssortimentCategory" time="0.0" classname="com.eperium.jumpstart.JumpStartTestSuite">
    <ignored/>
  </testcase> <!-- browseAssortimentCategory -->
  <testcase name="enterAndSearchStringDoubleWordWithAnd" time="0.0" classname="com.eperium.jumpstart.JumpStartTestSuite">
    <ignored/>
  </testcase> <!-- enterAndSearchStringDoubleWordWithAnd -->
  <testcase name="verifyMandatoryFieldsRefIdAndName" time="0.0" classname="com.eperium.jumpstart.JumpStartTestSuite">
    <ignored/>
  </testcase> <!-- verifyMandatoryFieldsRefIdAndName -->
  <testcase name="goToLoginPage2" time="0.0" classname="com.eperium.jumpstart.JumpStartTestSuite">
    <ignored/>
  </testcase> <!-- goToLoginPage2 -->
  <testcase name="addPDPToCompareListAndVerifyNavigation" time="0.0" classname="com.eperium.jumpstart.JumpStartTestSuite">
    <ignored/>
  </testcase> <!-- addPDPToCompareListAndVerifyNavigation -->
  <testcase name="goToLoginPage1" time="0.0" classname="com.eperium.jumpstart.JumpStartTestSuite">
    <ignored/>
  </testcase> <!-- goToLoginPage1 -->
  <testcase name="goToLoginPage4" time="0.0" classname="com.eperium.jumpstart.JumpStartTestSuite">
    <ignored/>
  </testcase> <!-- goToLoginPage4 -->
  <testcase name="goToLoginPage3" time="0.0" classname="com.eperium.jumpstart.JumpStartTestSuite">
    <ignored/>
  </testcase> <!-- goToLoginPage3 -->
  <testcase name="orderConfirmation" time="0.0" classname="com.eperium.jumpstart.JumpStartTestSuite">
    <ignored/>
  </testcase> <!-- orderConfirmation -->
  <testcase name="passwordMismatch" time="0.0" classname="com.eperium.jumpstart.JumpStartTestSuite">
    <ignored/>
  </testcase> <!-- passwordMismatch -->
  <testcase name="chkBlankSku" time="0.0" classname="com.eperium.jumpstart.JumpStartTestSuite">
    <ignored/>
  </testcase> <!-- chkBlankSku -->
  <testcase name="viewAddToCartBtnOrderTemplate" time="0.0" classname="com.eperium.jumpstart.JumpStartTestSuite">
    <ignored/>
  </testcase> <!-- viewAddToCartBtnOrderTemplate -->
  <testcase name="navigateToUserUpdateRolePage" time="0.0" classname="com.eperium.jumpstart.JumpStartTestSuite">
    <ignored/>
  </testcase> <!-- navigateToUserUpdateRolePage -->
  <testcase name="paymentToShippingPage" time="0.0" classname="com.eperium.jumpstart.JumpStartTestSuite">
    <ignored/>
  </testcase> <!-- paymentToShippingPage -->
  <testcase name="enterAndSearchStringNoProductFound" time="0.0" classname="com.eperium.jumpstart.JumpStartTestSuite">
    <ignored/>
  </testcase> <!-- enterAndSearchStringNoProductFound -->
  <testcase name="getPackagingInfoFromPDP" time="0.0" classname="com.eperium.jumpstart.JumpStartTestSuite">
    <ignored/>
  </testcase> <!-- getPackagingInfoFromPDP -->
  <testcase name="verifyAlternateAddressOrderConfirmationPage" time="0.0" classname="com.eperium.jumpstart.JumpStartTestSuite">
    <ignored/>
  </testcase> <!-- verifyAlternateAddressOrderConfirmationPage -->
  <testcase name="changeDeliveryAddress" time="0.0" classname="com.eperium.jumpstart.JumpStartTestSuite">
    <ignored/>
  </testcase> <!-- changeDeliveryAddress -->
  <testcase name="select12ItemsPerPage" time="0.0" classname="com.eperium.jumpstart.JumpStartTestSuite">
    <ignored/>
  </testcase> <!-- select12ItemsPerPage -->
  <testcase name="verifyInvalidPassword" time="0.0" classname="com.eperium.jumpstart.JumpStartTestSuite">
    <ignored/>
  </testcase> <!-- verifyInvalidPassword -->
  <testcase name="redirectCustomerToDashboard" time="0.0" classname="com.eperium.jumpstart.JumpStartTestSuite">
    <ignored/>
  </testcase> <!-- redirectCustomerToDashboard -->
  <testcase name="goToFaqPage" time="0.0" classname="com.eperium.jumpstart.JumpStartTestSuite">
    <ignored/>
  </testcase> <!-- goToFaqPage -->
  <testcase name="getAndVerifyAddressDetailOnAddressPage" time="0.0" classname="com.eperium.jumpstart.JumpStartTestSuite">
    <ignored/>
  </testcase> <!-- getAndVerifyAddressDetailOnAddressPage -->
  <testcase name="chkAddAtHeader" time="0.0" classname="com.eperium.jumpstart.JumpStartTestSuite">
    <ignored/>
  </testcase> <!-- chkAddAtHeader -->
  <testcase name="printCartPage" time="0.0" classname="com.eperium.jumpstart.JumpStartTestSuite">
    <ignored/>
  </testcase> <!-- printCartPage -->
  <testcase name="verifyQuote" time="0.0" classname="com.eperium.jumpstart.JumpStartTestSuite">
    <ignored/>
  </testcase> <!-- verifyQuote -->
  <testcase name="verifyCustomer" time="0.0" classname="com.eperium.jumpstart.JumpStartTestSuite">
    <ignored/>
  </testcase> <!-- verifyCustomer -->
  <testcase name="chkShowAll" time="0.0" classname="com.eperium.jumpstart.JumpStartTestSuite">
    <ignored/>
  </testcase> <!-- chkShowAll -->
  <testcase name="navigatetoAllOrderTemplatePageAgain" time="0.0" classname="com.eperium.jumpstart.JumpStartTestSuite">
    <ignored/>
  </testcase> <!-- navigatetoAllOrderTemplatePageAgain -->
  <testcase name="clickLoginButton" time="0.0" classname="com.eperium.jumpstart.JumpStartTestSuite">
    <ignored/>
  </testcase> <!-- clickLoginButton -->
  <testcase name="selectAndEnterAlternateAddress" time="0.0" classname="com.eperium.jumpstart.JumpStartTestSuite">
    <ignored/>
  </testcase> <!-- selectAndEnterAlternateAddress -->
  <testcase name="addProductToOrderTemplateFromPDP" time="0.0" classname="com.eperium.jumpstart.JumpStartTestSuite">
    <ignored/>
  </testcase> <!-- addProductToOrderTemplateFromPDP -->
  <testcase name="getProductSkuAndQuotePopUp" time="0.0" classname="com.eperium.jumpstart.JumpStartTestSuite">
    <ignored/>
  </testcase> <!-- getProductSkuAndQuotePopUp -->
  <testcase name="VerifyPDPProspect" time="0.0" classname="com.eperium.jumpstart.JumpStartTestSuite">
    <ignored/>
  </testcase> <!-- VerifyPDPProspect -->
  <testcase name="clickOnMyAccountLink" time="0.0" classname="com.eperium.jumpstart.JumpStartTestSuite">
    <ignored/>
  </testcase> <!-- clickOnMyAccountLink -->
  <testcase name="gotoAllOrderTemplatePage" time="0.0" classname="com.eperium.jumpstart.JumpStartTestSuite">
    <ignored/>
  </testcase> <!-- gotoAllOrderTemplatePage -->
  <testcase name="PackagingInfoListerpage" time="0.0" classname="com.eperium.jumpstart.JumpStartTestSuite">
    <ignored/>
  </testcase> <!-- PackagingInfoListerpage -->
  <testcase name="verifyProspect" time="0.0" classname="com.eperium.jumpstart.JumpStartTestSuite">
    <ignored/>
  </testcase> <!-- verifyProspect -->
  <testcase name="navigateOrderDetailPage" time="0.0" classname="com.eperium.jumpstart.JumpStartTestSuite">
    <ignored/>
  </testcase> <!-- navigateOrderDetailPage -->
  <testcase name="enterAndSearchStringSpecialCharacters" time="0.0" classname="com.eperium.jumpstart.JumpStartTestSuite">
    <ignored/>
  </testcase> <!-- enterAndSearchStringSpecialCharacters -->
  <testcase name="shippingToDeliveryAddressPage" time="0.0" classname="com.eperium.jumpstart.JumpStartTestSuite">
    <ignored/>
  </testcase> <!-- shippingToDeliveryAddressPage -->
  <testcase name="getProductSkuAndOpenQuotePopUp" time="0.0" classname="com.eperium.jumpstart.JumpStartTestSuite">
    <ignored/>
  </testcase> <!-- getProductSkuAndOpenQuotePopUp -->
  <testcase name="addFirstPDPToCompareList" time="0.0" classname="com.eperium.jumpstart.JumpStartTestSuite">
    <ignored/>
  </testcase> <!-- addFirstPDPToCompareList -->
  <testcase name="verifyAlternateAddressPaymentConfirmationPage" time="0.0" classname="com.eperium.jumpstart.JumpStartTestSuite">
    <ignored/>
  </testcase> <!-- verifyAlternateAddressPaymentConfirmationPage -->
  <testcase name="getCustomerAddress" time="0.0" classname="com.eperium.jumpstart.JumpStartTestSuite">
    <ignored/>
  </testcase> <!-- getCustomerAddress -->
  <testcase name="uploadValidCsvAtQuickOrder" time="0.0" classname="com.eperium.jumpstart.JumpStartTestSuite">
    <ignored/>
  </testcase> <!-- uploadValidCsvAtQuickOrder -->
  <testcase name="sortAtoZ" time="0.0" classname="com.eperium.jumpstart.JumpStartTestSuite">
    <ignored/>
  </testcase> <!-- sortAtoZ -->
  <testcase name="addProductToCartFromComparePageAndVerify" time="0.0" classname="com.eperium.jumpstart.JumpStartTestSuite">
    <ignored/>
  </testcase> <!-- addProductToCartFromComparePageAndVerify -->
  <testcase name="navigatetoMyAccount" time="0.0" classname="com.eperium.jumpstart.JumpStartTestSuite">
    <ignored/>
  </testcase> <!-- navigatetoMyAccount -->
  <testcase name="validateforgotPasswordConfirmationMesssage" time="0.0" classname="com.eperium.jumpstart.JumpStartTestSuite">
    <ignored/>
  </testcase> <!-- validateforgotPasswordConfirmationMesssage -->
  <testcase name="rollBackCompanyDetails" time="0.0" classname="com.eperium.jumpstart.JumpStartTestSuite">
    <ignored/>
  </testcase> <!-- rollBackCompanyDetails -->
  <testcase name="getCartDetails1" time="0.0" classname="com.eperium.jumpstart.JumpStartTestSuite">
    <ignored/>
  </testcase> <!-- getCartDetails1 -->
  <testcase name="saveOrderTemplate2" time="0.0" classname="com.eperium.jumpstart.JumpStartTestSuite">
    <ignored/>
  </testcase> <!-- saveOrderTemplate2 -->
  <testcase name="addProductToOrderTemplateFromPDPWithQTYFive" time="0.0" classname="com.eperium.jumpstart.JumpStartTestSuite">
    <ignored/>
  </testcase> <!-- addProductToOrderTemplateFromPDPWithQTYFive -->
  <testcase name="mandatoryFieldValidation" time="0.0" classname="com.eperium.jumpstart.JumpStartTestSuite">
    <ignored/>
  </testcase> <!-- mandatoryFieldValidation -->
  <testcase name="gotoAllOrderTemplatePage1" time="0.0" classname="com.eperium.jumpstart.JumpStartTestSuite">
    <ignored/>
  </testcase> <!-- gotoAllOrderTemplatePage1 -->
  <testcase name="navigateToPDP1" time="0.0" classname="com.eperium.jumpstart.JumpStartTestSuite">
    <ignored/>
  </testcase> <!-- navigateToPDP1 -->
  <testcase name="addBlankOrderTemplateToBlankBasket" time="0.0" classname="com.eperium.jumpstart.JumpStartTestSuite">
    <ignored/>
  </testcase> <!-- addBlankOrderTemplateToBlankBasket -->
  <testcase name="deleteAllOrderTemplate" time="0.0" classname="com.eperium.jumpstart.JumpStartTestSuite">
    <ignored/>
  </testcase> <!-- deleteAllOrderTemplate -->
  <testcase name="passwordNotUppercaseLetter" time="0.0" classname="com.eperium.jumpstart.JumpStartTestSuite">
    <ignored/>
  </testcase> <!-- passwordNotUppercaseLetter -->
  <testcase name="addBlankOrderTemplate" time="0.0" classname="com.eperium.jumpstart.JumpStartTestSuite">
    <ignored/>
  </testcase> <!-- addBlankOrderTemplate -->
  <testcase name="chkBlankQty" time="0.0" classname="com.eperium.jumpstart.JumpStartTestSuite">
    <ignored/>
  </testcase> <!-- chkBlankQty -->
  <testcase name="sendQuoteDetails" time="0.0" classname="com.eperium.jumpstart.JumpStartTestSuite">
    <ignored/>
  </testcase> <!-- sendQuoteDetails -->
  <testcase name="addSecondPDPToCompareList" time="0.0" classname="com.eperium.jumpstart.JumpStartTestSuite">
    <ignored/>
  </testcase> <!-- addSecondPDPToCompareList -->
  <testcase name="enterContactDetails" time="0.0" classname="com.eperium.jumpstart.JumpStartTestSuite">
    <ignored/>
  </testcase> <!-- enterContactDetails -->
  <testcase name="enterAndSearchStringSTAR3" time="0.0" classname="com.eperium.jumpstart.JumpStartTestSuite">
    <ignored/>
  </testcase> <!-- enterAndSearchStringSTAR3 -->
  <testcase name="validateEstimatedTotal" time="0.0" classname="com.eperium.jumpstart.JumpStartTestSuite">
    <ignored/>
  </testcase> <!-- validateEstimatedTotal -->
  <testcase name="enterAndSearchStringSTAR1" time="0.0" classname="com.eperium.jumpstart.JumpStartTestSuite">
    <ignored/>
  </testcase> <!-- enterAndSearchStringSTAR1 -->
  <testcase name="loginCustomerAccountAdmin" time="0.0" classname="com.eperium.jumpstart.JumpStartTestSuite">
    <ignored/>
  </testcase> <!-- loginCustomerAccountAdmin -->
  <testcase name="registrationEnterValuesAndVerifyForExistingEmailID" time="0.0" classname="com.eperium.jumpstart.JumpStartTestSuite">
    <ignored/>
  </testcase> <!-- registrationEnterValuesAndVerifyForExistingEmailID -->
  <testcase name="moveToOrderTemplateDetailPage" time="0.0" classname="com.eperium.jumpstart.JumpStartTestSuite">
    <ignored/>
  </testcase> <!-- moveToOrderTemplateDetailPage -->
  <testcase name="addressPageValidateOrderSummary" time="0.0" classname="com.eperium.jumpstart.JumpStartTestSuite">
    <ignored/>
  </testcase> <!-- addressPageValidateOrderSummary -->
  <testcase name="addProductToOrderTemplateFromPDPWithQTYTen" time="0.0" classname="com.eperium.jumpstart.JumpStartTestSuite">
    <ignored/>
  </testcase> <!-- addProductToOrderTemplateFromPDPWithQTYTen -->
  <testcase name="enterAndSearchStringSTAR2" time="0.0" classname="com.eperium.jumpstart.JumpStartTestSuite">
    <ignored/>
  </testcase> <!-- enterAndSearchStringSTAR2 -->
  <testcase name="goToContactUsPage" time="0.0" classname="com.eperium.jumpstart.JumpStartTestSuite">
    <ignored/>
  </testcase> <!-- goToContactUsPage -->
  <testcase name="paymentPageValidateCartSummary" time="0.0" classname="com.eperium.jumpstart.JumpStartTestSuite">
    <ignored/>
  </testcase> <!-- paymentPageValidateCartSummary -->
  <testcase name="chkCookieWarningAppear" time="0.0" classname="com.eperium.jumpstart.JumpStartTestSuite">
    <ignored/>
  </testcase> <!-- chkCookieWarningAppear -->
  <testcase name="getAndVerifyAddressDetailOnShippingPage" time="0.0" classname="com.eperium.jumpstart.JumpStartTestSuite">
    <ignored/>
  </testcase> <!-- getAndVerifyAddressDetailOnShippingPage -->
  <testcase name="gotoFourthPDP" time="0.0" classname="com.eperium.jumpstart.JumpStartTestSuite">
    <ignored/>
  </testcase> <!-- gotoFourthPDP -->
  <testcase name="enterAndSearchStringSingleWord" time="0.0" classname="com.eperium.jumpstart.JumpStartTestSuite">
    <ignored/>
  </testcase> <!-- enterAndSearchStringSingleWord -->
  <testcase name="viewUserNameAtHeader" time="0.0" classname="com.eperium.jumpstart.JumpStartTestSuite">
    <ignored/>
  </testcase> <!-- viewUserNameAtHeader -->
  <testcase name="goToCartFromQuickView" time="0.0" classname="com.eperium.jumpstart.JumpStartTestSuite">
    <ignored/>
  </testcase> <!-- goToCartFromQuickView -->
  <testcase name="validate9ItemPerPage" time="0.0" classname="com.eperium.jumpstart.JumpStartTestSuite">
    <ignored/>
  </testcase> <!-- validate9ItemPerPage -->
  <testcase name="navigateToOrderTempateDetailPage" time="0.0" classname="com.eperium.jumpstart.JumpStartTestSuite">
    <ignored/>
  </testcase> <!-- navigateToOrderTempateDetailPage -->
  <testcase name="validateCartSubTotal" time="0.0" classname="com.eperium.jumpstart.JumpStartTestSuite">
    <ignored/>
  </testcase> <!-- validateCartSubTotal -->
  <testcase name="checkSalesUnitOfUuid" time="0.0" classname="com.eperium.jumpstart.JumpStartTestSuite">
    <ignored/>
  </testcase> <!-- checkSalesUnitOfUuid -->
  <testcase name="chkbrowsedProductsInRecentView" time="0.0" classname="com.eperium.jumpstart.JumpStartTestSuite">
    <ignored/>
  </testcase> <!-- chkbrowsedProductsInRecentView -->
  <testcase name="navigateToPDP" time="0.0" classname="com.eperium.jumpstart.JumpStartTestSuite">
    <ignored/>
  </testcase> <!-- navigateToPDP -->
  <testcase name="VerifyPDPCustomer" time="0.0" classname="com.eperium.jumpstart.JumpStartTestSuite">
    <ignored/>
  </testcase> <!-- VerifyPDPCustomer -->
  <testcase name="loginCustomerApprover" time="0.0" classname="com.eperium.jumpstart.JumpStartTestSuite">
    <ignored/>
  </testcase> <!-- loginCustomerApprover -->
  <testcase name="passwordNotLowerCaseLetter" time="0.0" classname="com.eperium.jumpstart.JumpStartTestSuite">
    <ignored/>
  </testcase> <!-- passwordNotLowerCaseLetter -->
  <testcase name="addProductToOrderTemplateFromListView" time="0.0" classname="com.eperium.jumpstart.JumpStartTestSuite">
    <ignored/>
  </testcase> <!-- addProductToOrderTemplateFromListView -->
  <testcase name="chkHideAll" time="0.0" classname="com.eperium.jumpstart.JumpStartTestSuite">
    <ignored/>
  </testcase> <!-- chkHideAll -->
  <testcase name="saveOrderTemplateFromListView" time="0.0" classname="com.eperium.jumpstart.JumpStartTestSuite">
    <ignored/>
  </testcase> <!-- saveOrderTemplateFromListView -->
  <testcase name="saveUser" time="0.0" classname="com.eperium.jumpstart.JumpStartTestSuite">
    <ignored/>
  </testcase> <!-- saveUser -->
  <testcase name="chkBlankSkuQty" time="0.0" classname="com.eperium.jumpstart.JumpStartTestSuite">
    <ignored/>
  </testcase> <!-- chkBlankSkuQty -->
  <testcase name="getCartDetails" time="0.0" classname="com.eperium.jumpstart.JumpStartTestSuite">
    <ignored/>
  </testcase> <!-- getCartDetails -->
  <testcase name="updateCompanyDetails" time="0.0" classname="com.eperium.jumpstart.JumpStartTestSuite">
    <ignored/>
  </testcase> <!-- updateCompanyDetails -->
  <testcase name="getAndVerifyACustomerDetailOnConfirmationPage" time="0.0" classname="com.eperium.jumpstart.JumpStartTestSuite">
    <ignored/>
  </testcase> <!-- getAndVerifyACustomerDetailOnConfirmationPage -->
  <testcase name="createQueryToChangePrice" time="0.0" classname="com.eperium.jumpstart.JumpStartTestSuite">
    <ignored/>
  </testcase> <!-- createQueryToChangePrice -->
  <testcase name="browseProductsFromListView" time="0.0" classname="com.eperium.jumpstart.JumpStartTestSuite">
    <ignored/>
  </testcase> <!-- browseProductsFromListView -->
  <testcase name="getAndVerifyCustomerDetailOnAddressPage" time="0.0" classname="com.eperium.jumpstart.JumpStartTestSuite">
    <ignored/>
  </testcase> <!-- getAndVerifyCustomerDetailOnAddressPage -->
  <testcase name="getCustomerName" time="0.0" classname="com.eperium.jumpstart.JumpStartTestSuite">
    <ignored/>
  </testcase> <!-- getCustomerName -->
  <testcase name="clickOnKingLogo" time="0.0" classname="com.eperium.jumpstart.JumpStartTestSuite">
    <ignored/>
  </testcase> <!-- clickOnKingLogo -->
  <testcase name="chkValidSkuInvalidQty" time="0.0" classname="com.eperium.jumpstart.JumpStartTestSuite">
    <ignored/>
  </testcase> <!-- chkValidSkuInvalidQty -->
  <testcase name="LimitCountryList" time="0.0" classname="com.eperium.jumpstart.JumpStartTestSuite">
    <ignored/>
  </testcase> <!-- LimitCountryList -->
  <testcase name="EnterUnregisteredEmailAddressAndClickOKButton" time="0.0" classname="com.eperium.jumpstart.JumpStartTestSuite">
    <ignored/>
  </testcase> <!-- EnterUnregisteredEmailAddressAndClickOKButton -->
  <testcase name="completeRegistration" time="0.0" classname="com.eperium.jumpstart.JumpStartTestSuite">
    <ignored/>
  </testcase> <!-- completeRegistration -->
  <testcase name="verifyBlankOrderTemplateName" time="0.0" classname="com.eperium.jumpstart.JumpStartTestSuite">
    <ignored/>
  </testcase> <!-- verifyBlankOrderTemplateName -->
  <testcase name="verifyLoginPageBlankFields" time="0.0" classname="com.eperium.jumpstart.JumpStartTestSuite">
    <ignored/>
  </testcase> <!-- verifyLoginPageBlankFields -->
  <testcase name="setPreferredIdToRevoke" time="0.0" classname="com.eperium.jumpstart.JumpStartTestSuite">
    <ignored/>
  </testcase> <!-- setPreferredIdToRevoke -->
  <testcase name="loginAccountAdminInNewWindow" time="0.0" classname="com.eperium.jumpstart.JumpStartTestSuite">
    <ignored/>
  </testcase> <!-- loginAccountAdminInNewWindow -->
  <testcase name="enterPDPSkuAndPrice" time="0.0" classname="com.eperium.jumpstart.JumpStartTestSuite">
    <ignored/>
  </testcase> <!-- enterPDPSkuAndPrice -->
  <testcase name="browseChkCookieWarningNotAppear" time="0.0" classname="com.eperium.jumpstart.JumpStartTestSuite">
    <ignored/>
  </testcase> <!-- browseChkCookieWarningNotAppear -->
  <testcase name="validateOrdertoDefaultOrderTemplate" time="0.0" classname="com.eperium.jumpstart.JumpStartTestSuite">
    <ignored/>
  </testcase> <!-- validateOrdertoDefaultOrderTemplate -->
  <testcase name="browseProductsFromGridView" time="0.0" classname="com.eperium.jumpstart.JumpStartTestSuite">
    <ignored/>
  </testcase> <!-- browseProductsFromGridView -->
  <testcase name="openSecondOrderTemplateAndVerifyProduct" time="0.0" classname="com.eperium.jumpstart.JumpStartTestSuite">
    <ignored/>
  </testcase> <!-- openSecondOrderTemplateAndVerifyProduct -->
  <testcase name="GoToSecondPage" time="0.0" classname="com.eperium.jumpstart.JumpStartTestSuite">
    <ignored/>
  </testcase> <!-- GoToSecondPage -->
  <testcase name="navigateChangeEmailPage" time="0.0" classname="com.eperium.jumpstart.JumpStartTestSuite">
    <ignored/>
  </testcase> <!-- navigateChangeEmailPage -->
  <testcase name="ValidateViaAddingDuplicateCostCenter" time="0.0" classname="com.eperium.jumpstart.JumpStartTestSuite">
    <ignored/>
  </testcase> <!-- ValidateViaAddingDuplicateCostCenter -->
  <testcase name="cancelChangeCompanyProfile" time="0.0" classname="com.eperium.jumpstart.JumpStartTestSuite">
    <ignored/>
  </testcase> <!-- cancelChangeCompanyProfile -->
  <testcase name="checkItemPerPageDropDownOptions" time="0.0" classname="com.eperium.jumpstart.JumpStartTestSuite">
    <ignored/>
  </testcase> <!-- checkItemPerPageDropDownOptions -->
  <testcase name="addProductToOrderTemplateFromCart" time="0.0" classname="com.eperium.jumpstart.JumpStartTestSuite">
    <ignored/>
  </testcase> <!-- addProductToOrderTemplateFromCart -->
  <testcase name="goToResistrationPage3" time="0.0" classname="com.eperium.jumpstart.JumpStartTestSuite">
    <ignored/>
  </testcase> <!-- goToResistrationPage3 -->
  <testcase name="enterForSearchStringSTAR" time="0.0" classname="com.eperium.jumpstart.JumpStartTestSuite">
    <ignored/>
  </testcase> <!-- enterForSearchStringSTAR -->
  <testcase name="guestViewMiniCart" time="0.0" classname="com.eperium.jumpstart.JumpStartTestSuite">
    <ignored/>
  </testcase> <!-- guestViewMiniCart -->
  <testcase name="select24ItemsPerPage" time="0.0" classname="com.eperium.jumpstart.JumpStartTestSuite">
    <ignored/>
  </testcase> <!-- select24ItemsPerPage -->
  <testcase name="goToResistrationPage2" time="0.0" classname="com.eperium.jumpstart.JumpStartTestSuite">
    <ignored/>
  </testcase> <!-- goToResistrationPage2 -->
  <testcase name="goToResistrationPage4" time="0.0" classname="com.eperium.jumpstart.JumpStartTestSuite">
    <ignored/>
  </testcase> <!-- goToResistrationPage4 -->
  <testcase name="goToResistrationPage1" time="0.0" classname="com.eperium.jumpstart.JumpStartTestSuite">
    <ignored/>
  </testcase> <!-- goToResistrationPage1 -->
  <testcase name="addProducttoCartFromPDP1" time="0.0" classname="com.eperium.jumpstart.JumpStartTestSuite">
    <ignored/>
  </testcase> <!-- addProducttoCartFromPDP1 -->
  <testcase name="addtocartQuickView" time="0.0" classname="com.eperium.jumpstart.JumpStartTestSuite">
    <ignored/>
  </testcase> <!-- addtocartQuickView -->
  <testcase name="listView" time="0.0" classname="com.eperium.jumpstart.JumpStartTestSuite">
    <ignored/>
  </testcase> <!-- listView -->
  <testcase name="removeProductAndVerifyCart" time="0.0" classname="com.eperium.jumpstart.JumpStartTestSuite">
    <ignored/>
  </testcase> <!-- removeProductAndVerifyCart -->
  <testcase name="changeCostCenter" time="0.0" classname="com.eperium.jumpstart.JumpStartTestSuite">
    <ignored/>
  </testcase> <!-- changeCostCenter -->
  <testcase name="SelectALLAddress" time="0.0" classname="com.eperium.jumpstart.JumpStartTestSuite">
    <ignored/>
  </testcase> <!-- SelectALLAddress -->
  <testcase name="cancelChangeYourProfile" time="0.0" classname="com.eperium.jumpstart.JumpStartTestSuite">
    <ignored/>
  </testcase> <!-- cancelChangeYourProfile -->
  <testcase name="viewTopOnScrollDown" time="0.0" classname="com.eperium.jumpstart.JumpStartTestSuite">
    <ignored/>
  </testcase> <!-- viewTopOnScrollDown -->
  <testcase name="openFirstOrderTemplateIncreaseQTYAndMoveProduct" time="0.0" classname="com.eperium.jumpstart.JumpStartTestSuite">
    <ignored/>
  </testcase> <!-- openFirstOrderTemplateIncreaseQTYAndMoveProduct -->
  <testcase name="updateYourDetails" time="0.0" classname="com.eperium.jumpstart.JumpStartTestSuite">
    <ignored/>
  </testcase> <!-- updateYourDetails -->
  <testcase name="OrderTemplateDetailPage" time="0.0" classname="com.eperium.jumpstart.JumpStartTestSuite">
    <ignored/>
  </testcase> <!-- OrderTemplateDetailPage -->
  <testcase name="assignCatalogk" time="0.0" classname="com.eperium.jumpstart.JumpStartTestSuite">
    <ignored/>
  </testcase> <!-- assignCatalogk -->
  <testcase name="uploadFileInvalidMissingSkuQty" time="0.0" classname="com.eperium.jumpstart.JumpStartTestSuite">
    <ignored/>
  </testcase> <!-- uploadFileInvalidMissingSkuQty -->
  <testcase name="addThirdPDPToCompareList" time="0.0" classname="com.eperium.jumpstart.JumpStartTestSuite">
    <ignored/>
  </testcase> <!-- addThirdPDPToCompareList -->
  <testcase name="passwordLessThenSixCharacters" time="0.0" classname="com.eperium.jumpstart.JumpStartTestSuite">
    <ignored/>
  </testcase> <!-- passwordLessThenSixCharacters -->
  <testcase name="gotoSecondPDP" time="0.0" classname="com.eperium.jumpstart.JumpStartTestSuite">
    <ignored/>
  </testcase> <!-- gotoSecondPDP -->
  <testcase name="fillInChangeLocale" time="0.0" classname="com.eperium.jumpstart.JumpStartTestSuite">
    <ignored/>
  </testcase> <!-- fillInChangeLocale -->
  <testcase name="paymentToConfirmOrder" time="0.0" classname="com.eperium.jumpstart.JumpStartTestSuite">
    <ignored/>
  </testcase> <!-- paymentToConfirmOrder -->
  <testcase name="resetQuickOrderForm" time="0.0" classname="com.eperium.jumpstart.JumpStartTestSuite">
    <ignored/>
  </testcase> <!-- resetQuickOrderForm -->
  <testcase name="assignAddressk" time="0.0" classname="com.eperium.jumpstart.JumpStartTestSuite">
    <ignored/>
  </testcase> <!-- assignAddressk -->
  <testcase name="verifyPackagingInfoOnPaymentPage" time="0.0" classname="com.eperium.jumpstart.JumpStartTestSuite">
    <ignored/>
  </testcase> <!-- verifyPackagingInfoOnPaymentPage -->
  <testcase name="addressPageValidateCartSummary" time="0.0" classname="com.eperium.jumpstart.JumpStartTestSuite">
    <ignored/>
  </testcase> <!-- addressPageValidateCartSummary -->
  <testcase name="saveChanges" time="0.0" classname="com.eperium.jumpstart.JumpStartTestSuite">
    <ignored/>
  </testcase> <!-- saveChanges -->
  <testcase name="shippmentPageValidateOrderSummary" time="0.0" classname="com.eperium.jumpstart.JumpStartTestSuite">
    <ignored/>
  </testcase> <!-- shippmentPageValidateOrderSummary -->
  <testcase name="navigateToUpdateCompanyProfilePage" time="0.0" classname="com.eperium.jumpstart.JumpStartTestSuite">
    <ignored/>
  </testcase> <!-- navigateToUpdateCompanyProfilePage -->
  <testcase name="setUuidForPriceChangeInSolr" time="0.0" classname="com.eperium.jumpstart.JumpStartTestSuite">
    <ignored/>
  </testcase> <!-- setUuidForPriceChangeInSolr -->
  <testcase name="addOrderTemplateFromDetailPage" time="0.0" classname="com.eperium.jumpstart.JumpStartTestSuite">
    <ignored/>
  </testcase> <!-- addOrderTemplateFromDetailPage -->
  <testcase name="addProducttoCartFromQuickView" time="0.0" classname="com.eperium.jumpstart.JumpStartTestSuite">
    <ignored/>
  </testcase> <!-- addProducttoCartFromQuickView -->
  <testcase name="loginProspectUser" time="0.0" classname="com.eperium.jumpstart.JumpStartTestSuite">
    <ignored/>
  </testcase> <!-- loginProspectUser -->
  <testcase name="loginProspect" time="0.0" classname="com.eperium.jumpstart.JumpStartTestSuite">
    <ignored/>
  </testcase> <!-- loginProspect -->
  <testcase name="uncheckTermsCheckbox" time="0.0" classname="com.eperium.jumpstart.JumpStartTestSuite">
    <ignored/>
  </testcase> <!-- uncheckTermsCheckbox -->
  <testcase name="addUser" time="0.0" classname="com.eperium.jumpstart.JumpStartTestSuite">
    <ignored/>
  </testcase> <!-- addUser -->
  <testcase name="select15ItemsPerPage" time="0.0" classname="com.eperium.jumpstart.JumpStartTestSuite">
    <ignored/>
  </testcase> <!-- select15ItemsPerPage -->
  <testcase name="GoToFourthPage" time="0.0" classname="com.eperium.jumpstart.JumpStartTestSuite">
    <ignored/>
  </testcase> <!-- GoToFourthPage -->
  <testcase name="GoTothirdPage" time="0.0" classname="com.eperium.jumpstart.JumpStartTestSuite">
    <ignored/>
  </testcase> <!-- GoTothirdPage -->
  <testcase name="navigateToOrderTempateDetailPage2" time="0.0" classname="com.eperium.jumpstart.JumpStartTestSuite">
    <ignored/>
  </testcase> <!-- navigateToOrderTempateDetailPage2 -->
  <testcase name="saveOrderTemplateCart" time="0.0" classname="com.eperium.jumpstart.JumpStartTestSuite">
    <ignored/>
  </testcase> <!-- saveOrderTemplateCart -->
  <testcase name="navigateToBundledPDP" time="0.0" classname="com.eperium.jumpstart.JumpStartTestSuite">
    <ignored/>
  </testcase> <!-- navigateToBundledPDP -->
  <testcase name="openFirstOrderTemplateDecreaseQTYAndMoveProduct" time="0.0" classname="com.eperium.jumpstart.JumpStartTestSuite">
    <ignored/>
  </testcase> <!-- openFirstOrderTemplateDecreaseQTYAndMoveProduct -->
  <testcase name="navEmailSignUp" time="0.0" classname="com.eperium.jumpstart.JumpStartTestSuite">
    <ignored/>
  </testcase> <!-- navEmailSignUp -->
  <testcase name="verifyUserRole" time="0.0" classname="com.eperium.jumpstart.JumpStartTestSuite">
    <ignored/>
  </testcase> <!-- verifyUserRole -->
  <testcase name="verifyAlternateAddressShipmentPage" time="0.0" classname="com.eperium.jumpstart.JumpStartTestSuite">
    <ignored/>
  </testcase> <!-- verifyAlternateAddressShipmentPage -->
  <testcase name="addProducttoCartAndVerifybutton" time="0.0" classname="com.eperium.jumpstart.JumpStartTestSuite">
    <ignored/>
  </testcase> <!-- addProducttoCartAndVerifybutton -->
  <testcase name="validate15ItemPerPage" time="0.0" classname="com.eperium.jumpstart.JumpStartTestSuite">
    <ignored/>
  </testcase> <!-- validate15ItemPerPage -->
  <testcase name="logoutChkHeader" time="0.0" classname="com.eperium.jumpstart.JumpStartTestSuite">
    <ignored/>
  </testcase> <!-- logoutChkHeader -->
  <testcase name="reLoginProspectWithChangedPassword" time="0.0" classname="com.eperium.jumpstart.JumpStartTestSuite">
    <ignored/>
  </testcase> <!-- reLoginProspectWithChangedPassword -->
  <testcase name="uploadFileInvalidFileExtn" time="0.0" classname="com.eperium.jumpstart.JumpStartTestSuite">
    <ignored/>
  </testcase> <!-- uploadFileInvalidFileExtn -->
  <testcase name="verifyPackagingInfoOnOrderConfirmationPage" time="0.0" classname="com.eperium.jumpstart.JumpStartTestSuite">
    <ignored/>
  </testcase> <!-- verifyPackagingInfoOnOrderConfirmationPage -->
  <testcase name="DeleteAllCostCenter" time="0.0" classname="com.eperium.jumpstart.JumpStartTestSuite">
    <ignored/>
  </testcase> <!-- DeleteAllCostCenter -->
  <testcase name="verifyPackagingInfoOnCartPage" time="0.0" classname="com.eperium.jumpstart.JumpStartTestSuite">
    <ignored/>
  </testcase> <!-- verifyPackagingInfoOnCartPage -->
  <testcase name="openPDP" time="0.0" classname="com.eperium.jumpstart.JumpStartTestSuite">
    <ignored/>
  </testcase> <!-- openPDP -->
  <testcase name="viewAddToCartBtnOrderTemplateItemLevel" time="0.0" classname="com.eperium.jumpstart.JumpStartTestSuite">
    <ignored/>
  </testcase> <!-- viewAddToCartBtnOrderTemplateItemLevel -->
  <testcase name="loginForOrderTemplate" time="0.0" classname="com.eperium.jumpstart.JumpStartTestSuite">
    <ignored/>
  </testcase> <!-- loginForOrderTemplate -->
  <testcase name="getAndVerifyCustomerDetailOnPaymentPage" time="0.0" classname="com.eperium.jumpstart.JumpStartTestSuite">
    <ignored/>
  </testcase> <!-- getAndVerifyCustomerDetailOnPaymentPage -->
  <testcase name="SelectAddress" time="0.0" classname="com.eperium.jumpstart.JumpStartTestSuite">
    <ignored/>
  </testcase> <!-- SelectAddress -->
  <testcase name="cancelChangeEmail" time="0.0" classname="com.eperium.jumpstart.JumpStartTestSuite">
    <ignored/>
  </testcase> <!-- cancelChangeEmail -->
  <testcase name="chkSingleQueAns" time="0.0" classname="com.eperium.jumpstart.JumpStartTestSuite">
    <ignored/>
  </testcase> <!-- chkSingleQueAns -->
  <testcase name="verifyPackagingInfoOnShipment" time="0.0" classname="com.eperium.jumpstart.JumpStartTestSuite">
    <ignored/>
  </testcase> <!-- verifyPackagingInfoOnShipment -->
  <testcase name="validate12ItemPerPage" time="0.0" classname="com.eperium.jumpstart.JumpStartTestSuite">
    <ignored/>
  </testcase> <!-- validate12ItemPerPage -->
  <testcase name="addProducttoCartFromBundledPDP" time="0.0" classname="com.eperium.jumpstart.JumpStartTestSuite">
    <ignored/>
  </testcase> <!-- addProducttoCartFromBundledPDP -->
  <testcase name="closeNewWindow" time="0.0" classname="com.eperium.jumpstart.JumpStartTestSuite">
    <ignored/>
  </testcase> <!-- closeNewWindow -->
  <testcase name="openQuickOrderPage" time="0.0" classname="com.eperium.jumpstart.JumpStartTestSuite">
    <ignored/>
  </testcase> <!-- openQuickOrderPage -->
  <testcase name="uploadFileInvalidSku" time="0.0" classname="com.eperium.jumpstart.JumpStartTestSuite">
    <ignored/>
  </testcase> <!-- uploadFileInvalidSku -->
  <testcase name="quickOrdertoCart" time="0.0" classname="com.eperium.jumpstart.JumpStartTestSuite">
    <ignored/>
  </testcase> <!-- quickOrdertoCart -->
  <testcase name="getAndVerifyCustomerDetailOnShippingPage" time="0.0" classname="com.eperium.jumpstart.JumpStartTestSuite">
    <ignored/>
  </testcase> <!-- getAndVerifyCustomerDetailOnShippingPage -->
  <testcase name="changeDA" time="0.0" classname="com.eperium.jumpstart.JumpStartTestSuite">
    <ignored/>
  </testcase> <!-- changeDA -->
  <testcase name="saveOrderTemplate" time="0.0" classname="com.eperium.jumpstart.JumpStartTestSuite">
    <ignored/>
  </testcase> <!-- saveOrderTemplate -->
  <testcase name="paymentPageValidateOrderSummary" time="0.0" classname="com.eperium.jumpstart.JumpStartTestSuite">
    <ignored/>
  </testcase> <!-- paymentPageValidateOrderSummary -->
  <testcase name="enterAndSearchPitem" time="0.0" classname="com.eperium.jumpstart.JumpStartTestSuite">
    <ignored/>
  </testcase> <!-- enterAndSearchPitem -->
  <testcase name="navigatetoAllOrderTemplatePage" time="0.0" classname="com.eperium.jumpstart.JumpStartTestSuite">
    <ignored/>
  </testcase> <!-- navigatetoAllOrderTemplatePage -->
  <testcase name="saveOrderTemplateFromCart" time="0.0" classname="com.eperium.jumpstart.JumpStartTestSuite">
    <ignored/>
  </testcase> <!-- saveOrderTemplateFromCart -->
  <testcase name="deleteAllProductsFromComparePage" time="0.0" classname="com.eperium.jumpstart.JumpStartTestSuite">
    <ignored/>
  </testcase> <!-- deleteAllProductsFromComparePage -->
  <testcase name="ValidateforgotPasswordMandatoryField" time="0.0" classname="com.eperium.jumpstart.JumpStartTestSuite">
    <ignored/>
  </testcase> <!-- ValidateforgotPasswordMandatoryField -->
  <testcase name="ClearALLAddress" time="0.0" classname="com.eperium.jumpstart.JumpStartTestSuite">
    <ignored/>
  </testcase> <!-- ClearALLAddress -->
  <testcase name="BrowseSpecialsCategory" time="0.0" classname="com.eperium.jumpstart.JumpStartTestSuite">
    <ignored/>
  </testcase> <!-- BrowseSpecialsCategory -->
  <testcase name="GoToUsers" time="0.0" classname="com.eperium.jumpstart.JumpStartTestSuite">
    <ignored/>
  </testcase> <!-- GoToUsers -->
  <testcase name="restoreOriginalPassword" time="0.0" classname="com.eperium.jumpstart.JumpStartTestSuite">
    <ignored/>
  </testcase> <!-- restoreOriginalPassword -->
  <testcase name="getAddressDetails" time="0.0" classname="com.eperium.jumpstart.JumpStartTestSuite">
    <ignored/>
  </testcase> <!-- getAddressDetails -->
  <testcase name="select9ItemsPerPage" time="0.0" classname="com.eperium.jumpstart.JumpStartTestSuite">
    <ignored/>
  </testcase> <!-- select9ItemsPerPage -->
  <testcase name="navigateAddUserPage" time="0.0" classname="com.eperium.jumpstart.JumpStartTestSuite">
    <ignored/>
  </testcase> <!-- navigateAddUserPage -->
  <testcase name="addCartToOrderTemplate" time="0.0" classname="com.eperium.jumpstart.JumpStartTestSuite">
    <ignored/>
  </testcase> <!-- addCartToOrderTemplate -->
  <testcase name="viewNoTopOnScrollDown" time="0.0" classname="com.eperium.jumpstart.JumpStartTestSuite">
    <ignored/>
  </testcase> <!-- viewNoTopOnScrollDown -->
  <testcase name="checkItemsInMinicart" time="0.0" classname="com.eperium.jumpstart.JumpStartTestSuite">
    <ignored/>
  </testcase> <!-- checkItemsInMinicart -->
  <testcase name="navigateToUpdateYourProfilePage" time="0.0" classname="com.eperium.jumpstart.JumpStartTestSuite">
    <ignored/>
  </testcase> <!-- navigateToUpdateYourProfilePage -->
  <testcase name="enterAndSearchStringDoubleWord" time="0.0" classname="com.eperium.jumpstart.JumpStartTestSuite">
    <ignored/>
  </testcase> <!-- enterAndSearchStringDoubleWord -->
  <testcase name="shoppingCartToAddressPage" time="0.0" classname="com.eperium.jumpstart.JumpStartTestSuite">
    <ignored/>
  </testcase> <!-- shoppingCartToAddressPage -->
  <testcase name="goToResistrationPage" time="0.0" classname="com.eperium.jumpstart.JumpStartTestSuite">
    <ignored/>
  </testcase> <!-- goToResistrationPage -->
  <testcase name="shipmentToPaymentPage" time="0.0" classname="com.eperium.jumpstart.JumpStartTestSuite">
    <ignored/>
  </testcase> <!-- shipmentToPaymentPage -->
  <testcase name="navCheckoutBtnMiniCart" time="0.0" classname="com.eperium.jumpstart.JumpStartTestSuite">
    <ignored/>
  </testcase> <!-- navCheckoutBtnMiniCart -->
  <testcase name="reassignRevokedDaToUser" time="0.0" classname="com.eperium.jumpstart.JumpStartTestSuite">
    <ignored/>
  </testcase> <!-- reassignRevokedDaToUser -->
  <testcase name="clickOnOCIOrderHistoryLink" time="0.0" classname="com.eperium.jumpstart.JumpStartTestSuite">
    <ignored/>
  </testcase> <!-- clickOnOCIOrderHistoryLink -->
  <testcase name="browseMakenCategory" time="0.0" classname="com.eperium.jumpstart.JumpStartTestSuite">
    <ignored/>
  </testcase> <!-- browseMakenCategory -->
  <testcase name="addProducttoCartFromPDPWithQtyGreaterThenOne" time="0.0" classname="com.eperium.jumpstart.JumpStartTestSuite">
    <ignored/>
  </testcase> <!-- addProducttoCartFromPDPWithQtyGreaterThenOne -->
  <testcase name="loginCustomer" time="0.0" classname="com.eperium.jumpstart.JumpStartTestSuite">
    <ignored/>
  </testcase> <!-- loginCustomer -->
  <testcase name="openProductListerPage" time="0.0" classname="com.eperium.jumpstart.JumpStartTestSuite">
    <ignored/>
  </testcase> <!-- openProductListerPage -->
  <testcase name="enterContactDetailsMandatoryFields" time="0.0" classname="com.eperium.jumpstart.JumpStartTestSuite">
    <ignored/>
  </testcase> <!-- enterContactDetailsMandatoryFields -->
  <testcase name="revokePrefferedDaOfUser" time="0.0" classname="com.eperium.jumpstart.JumpStartTestSuite">
    <ignored/>
  </testcase> <!-- revokePrefferedDaOfUser -->
  <testcase name="gotoThirdPDP" time="0.0" classname="com.eperium.jumpstart.JumpStartTestSuite">
    <ignored/>
  </testcase> <!-- gotoThirdPDP -->
  <testcase name="addProductCartFromList" time="0.0" classname="com.eperium.jumpstart.JumpStartTestSuite">
    <ignored/>
  </testcase> <!-- addProductCartFromList -->
  <testcase name="logoutViewUpdatedNameAtHeader" time="0.0" classname="com.eperium.jumpstart.JumpStartTestSuite">
    <ignored/>
  </testcase> <!-- logoutViewUpdatedNameAtHeader -->
  <testcase name="navigatetoAllOrderTemplatePageAgain1" time="0.0" classname="com.eperium.jumpstart.JumpStartTestSuite">
    <ignored/>
  </testcase> <!-- navigatetoAllOrderTemplatePageAgain1 -->
  <testcase name="cartToReview" time="0.0" classname="com.eperium.jumpstart.JumpStartTestSuite">
    <ignored/>
  </testcase> <!-- cartToReview -->
  <testcase name="viewUpdatedNameOnDashboard" time="0.0" classname="com.eperium.jumpstart.JumpStartTestSuite">
    <ignored/>
  </testcase> <!-- viewUpdatedNameOnDashboard -->
  <testcase name="addReference" time="0.0" classname="com.eperium.jumpstart.JumpStartTestSuite">
    <ignored/>
  </testcase> <!-- addReference -->
  <testcase name="VerifyPagination" time="0.0" classname="com.eperium.jumpstart.JumpStartTestSuite">
    <ignored/>
  </testcase> <!-- VerifyPagination -->
  <testcase name="logout1" time="0.0" classname="com.eperium.jumpstart.JumpStartTestSuite">
    <ignored/>
  </testcase> <!-- logout1 -->
  <testcase name="confirmOrderToPaymentPage" time="0.0" classname="com.eperium.jumpstart.JumpStartTestSuite">
    <ignored/>
  </testcase> <!-- confirmOrderToPaymentPage -->
  <testcase name="logout" time="0.0" classname="com.eperium.jumpstart.JumpStartTestSuite">
    <ignored/>
  </testcase> <!-- logout -->
  <testcase name="addProductToCartFromSearchList" time="0.0" classname="com.eperium.jumpstart.JumpStartTestSuite">
    <ignored/>
  </testcase> <!-- addProductToCartFromSearchList -->
  <testcase name="UserDetails" time="0.0" classname="com.eperium.jumpstart.JumpStartTestSuite">
    <ignored/>
  </testcase> <!-- UserDetails -->
  <testcase name="browseFromAssortimentCategoryToListerPage" time="0.0" classname="com.eperium.jumpstart.JumpStartTestSuite">
    <ignored/>
  </testcase> <!-- browseFromAssortimentCategoryToListerPage -->
  <testcase name="getAndVerifyAddressDetailOnReviewPage" time="0.0" classname="com.eperium.jumpstart.JumpStartTestSuite">
    <ignored/>
  </testcase> <!-- getAndVerifyAddressDetailOnReviewPage -->
  <testcase name="addressToShipmentPage" time="0.0" classname="com.eperium.jumpstart.JumpStartTestSuite">
    <ignored/>
  </testcase> <!-- addressToShipmentPage -->
  <testcase name="loginWithNoDeliveryAddressAssiginedCustomer" time="0.0" classname="com.eperium.jumpstart.JumpStartTestSuite">
    <ignored/>
  </testcase> <!-- loginWithNoDeliveryAddressAssiginedCustomer -->
</testsuite> <!-- AddProductToCart -->
