<html>
<head>
<title>TestNG:  CustomerInfoVerificationInCheckout</title>
<link href="../testng.css" rel="stylesheet" type="text/css" />
<link href="../my-testng.css" rel="stylesheet" type="text/css" />

<style type="text/css">
.log { display: none;} 
.stack-trace { display: none;} 
</style>
<script type="text/javascript">
<!--
function flip(e) {
  current = e.style.display;
  if (current == 'block') {
    e.style.display = 'none';
    return 0;
  }
  else {
    e.style.display = 'block';
    return 1;
  }
}

function toggleBox(szDivId, elem, msg1, msg2)
{
  var res = -1;  if (document.getElementById) {
    res = flip(document.getElementById(szDivId));
  }
  else if (document.all) {
    // this is the way old msie versions work
    res = flip(document.all[szDivId]);
  }
  if(elem) {
    if(res == 0) elem.innerHTML = msg1; else elem.innerHTML = msg2;
  }

}

function toggleAllBoxes() {
  if (document.getElementsByTagName) {
    d = document.getElementsByTagName('div');
    for (i = 0; i < d.length; i++) {
      if (d[i].className == 'log') {
        flip(d[i]);
      }
    }
  }
}

// -->
</script>

</head>
<body>
<h2 align='center'>CustomerInfoVerificationInCheckout</h2><table border='1' align="center">
<tr>
<td>Tests passed/Failed/Skipped:</td><td>18/1/0</td>
</tr><tr>
<td>Started on:</td><td>Thu Feb 22 13:04:08 IST 2018</td>
</tr>
<tr><td>Total time:</td><td>172 seconds (172233 ms)</td>
</tr><tr>
<td>Included groups:</td><td></td>
</tr><tr>
<td>Excluded groups:</td><td></td>
</tr>
</table><p/>
<small><i>(Hover the method name to see the test class name)</i></small><p/>
<table width='100%' border='1' class='invocation-failed'>
<tr><td colspan='4' align='center'><b>FAILED TESTS</b></td></tr>
<tr><td><b>Test method</b></td>
<td width="30%"><b>Exception</b></td>
<td width="10%"><b>Time (seconds)</b></td>
<td><b>Instance</b></td>
</tr>
<tr>
<td title='com.eperium.jumpstart.JumpStartTestSuite.getAndVerifyCustomerDetailOnPaymentPage()'><b>getAndVerifyCustomerDetailOnPaymentPage</b><br>Test class: com.eperium.jumpstart.JumpStartTestSuite<br>Test method: Get And Verify Customer Detail On Payment Page</td>
<td><div><pre>java.lang.AssertionError: Could not find the element: locator is not correct expected object to not be null
	at org.testng.Assert.fail(Assert.java:93)
	at org.testng.Assert.assertNotNull(Assert.java:422)
	at com.eperium.jumpstart.testframework.xml.LoopMsg$1.apply(LoopMsg.java:70)
	at com.eperium.jumpstart.testframework.xml.LoopMsg$1.apply(LoopMsg.java:1)
	at org.openqa.selenium.support.ui.FluentWait.until(FluentWait.java:238)
	at com.eperium.jumpstart.testframework.xml.LoopMsg._validate(LoopMsg.java:57)
	at com.eperium.jumpstart.testframework.xml.LoopMsg.validate(LoopMsg.java:21)
	at com.eperium.jumpstart.testframework.utils.TestCaseUtil.checkAllTextMsgs(TestCaseUtil.java:61)
	at com.eperium.jumpstart.JumpStartTestSuite.getAndVerifyCustomerDetailOnPaymentPage(JumpStartTestSuite.java:5121)
	at sun.reflect.NativeMethodAccessorImpl.invoke0(Native Method)
	at sun.reflect.NativeMethodAccessorImpl.invoke(Unknown Source)
	at sun.reflect.DelegatingMethodAccessorImpl.invoke(Unknown Source)
	at java.lang.reflect.Method.invoke(Unknown Source)
	at org.testng.internal.MethodInvocationHelper.invokeMethod(MethodInvocationHelper.java:108)
	at org.testng.internal.Invoker.invokeMethod(Invoker.java:661)
	at org.testng.internal.Invoker.invokeTestMethod(Invoker.java:869)
	at org.testng.internal.Invoker.invokeTestMethods(Invoker.java:1193)
	at org.testng.internal.TestMethodWorker.invokeTestMethods(TestMethodWorker.java:126)
	at org.testng.internal.TestMethodWorker.run(TestMethodWorker.java:109)
	at org.testng.TestRunner.privateRun(TestRunner.java:744)
	at org.testng.TestRunner.run(TestRunner.java:602)
	at org.testng.SuiteRunner.runTest(SuiteRunner.java:380)
	at org.testng.SuiteRunner.runSequentially(SuiteRunner.java:375)
	at org.testng.SuiteRunner.privateRun(SuiteRunner.java:340)
	at org.testng.SuiteRunner.run(SuiteRunner.java:289)
	at org.testng.SuiteRunnerWorker.runSuite(SuiteRunnerWorker.java:52)
	at org.testng.SuiteRunnerWorker.run(SuiteRunnerWorker.java:86)
	at org.testng.TestNG.runSuitesSequentially(TestNG.java:1301)
	at org.testng.TestNG.runSuitesLocally(TestNG.java:1226)
	at org.testng.TestNG.runSuites(TestNG.java:1144)
	at org.testng.TestNG.run(TestNG.java:1115)
	at org.testng.remote.AbstractRemoteTestNG.run(AbstractRemoteTestNG.java:132)
	at org.testng.remote.RemoteTestNG.initAndRun(RemoteTestNG.java:230)
	at org.testng.remote.RemoteTestNG.main(RemoteTestNG.java:76)
</pre></div><a href='#' onClick='toggleBox("stack-trace989889899", this, "Click to show all stack frames", "Click to hide stack frames")'>Click to show all stack frames</a>
<div class='stack-trace' id='stack-trace989889899'><pre>java.lang.AssertionError: Could not find the element: locator is not correct expected object to not be null
	at org.testng.Assert.fail(Assert.java:93)
	at org.testng.Assert.assertNotNull(Assert.java:422)
	at com.eperium.jumpstart.testframework.xml.LoopMsg$1.apply(LoopMsg.java:70)
	at com.eperium.jumpstart.testframework.xml.LoopMsg$1.apply(LoopMsg.java:1)
	at org.openqa.selenium.support.ui.FluentWait.until(FluentWait.java:238)
	at com.eperium.jumpstart.testframework.xml.LoopMsg._validate(LoopMsg.java:57)
	at com.eperium.jumpstart.testframework.xml.LoopMsg.validate(LoopMsg.java:21)
	at com.eperium.jumpstart.testframework.utils.TestCaseUtil.checkAllTextMsgs(TestCaseUtil.java:61)
	at com.eperium.jumpstart.JumpStartTestSuite.getAndVerifyCustomerDetailOnPaymentPage(JumpStartTestSuite.java:5121)
	at sun.reflect.NativeMethodAccessorImpl.invoke0(Native Method)
	at sun.reflect.NativeMethodAccessorImpl.invoke(Unknown Source)
	at sun.reflect.DelegatingMethodAccessorImpl.invoke(Unknown Source)
	at java.lang.reflect.Method.invoke(Unknown Source)
	at org.testng.internal.MethodInvocationHelper.invokeMethod(MethodInvocationHelper.java:108)
	at org.testng.internal.Invoker.invokeMethod(Invoker.java:661)
	at org.testng.internal.Invoker.invokeTestMethod(Invoker.java:869)
	at org.testng.internal.Invoker.invokeTestMethods(Invoker.java:1193)
	at org.testng.internal.TestMethodWorker.invokeTestMethods(TestMethodWorker.java:126)
	at org.testng.internal.TestMethodWorker.run(TestMethodWorker.java:109)
	at org.testng.TestRunner.privateRun(TestRunner.java:744)
	at org.testng.TestRunner.run(TestRunner.java:602)
	at org.testng.SuiteRunner.runTest(SuiteRunner.java:380)
	at org.testng.SuiteRunner.runSequentially(SuiteRunner.java:375)
	at org.testng.SuiteRunner.privateRun(SuiteRunner.java:340)
	at org.testng.SuiteRunner.run(SuiteRunner.java:289)
	at org.testng.SuiteRunnerWorker.runSuite(SuiteRunnerWorker.java:52)
	at org.testng.SuiteRunnerWorker.run(SuiteRunnerWorker.java:86)
	at org.testng.TestNG.runSuitesSequentially(TestNG.java:1301)
	at org.testng.TestNG.runSuitesLocally(TestNG.java:1226)
	at org.testng.TestNG.runSuites(TestNG.java:1144)
	at org.testng.TestNG.run(TestNG.java:1115)
	at org.testng.remote.AbstractRemoteTestNG.run(AbstractRemoteTestNG.java:132)
	at org.testng.remote.RemoteTestNG.initAndRun(RemoteTestNG.java:230)
	at org.testng.remote.RemoteTestNG.main(RemoteTestNG.java:76)
</pre></div></td>
<td>0</td>
<td>com.eperium.jumpstart.JumpStartTestSuite@731a74c</td></tr>
</table><p>
<table width='100%' border='1' class='invocation-passed'>
<tr><td colspan='4' align='center'><b>PASSED TESTS</b></td></tr>
<tr><td><b>Test method</b></td>
<td width="30%"><b>Exception</b></td>
<td width="10%"><b>Time (seconds)</b></td>
<td><b>Instance</b></td>
</tr>
<tr>
<td title='com.eperium.jumpstart.JumpStartTestSuite.addProducttoCartFromPDP()'><b>addProducttoCartFromPDP</b><br>Test class: com.eperium.jumpstart.JumpStartTestSuite<br>Test method: Add Product To Cart From PDP</td>
<td></td>
<td>5</td>
<td>com.eperium.jumpstart.JumpStartTestSuite@731a74c</td></tr>
<tr>
<td title='com.eperium.jumpstart.JumpStartTestSuite.addressToShipmentPage()'><b>addressToShipmentPage</b><br>Test class: com.eperium.jumpstart.JumpStartTestSuite<br>Test method: Address To Shipment Page</td>
<td></td>
<td>2</td>
<td>com.eperium.jumpstart.JumpStartTestSuite@731a74c</td></tr>
<tr>
<td title='com.eperium.jumpstart.JumpStartTestSuite.closeCookieWarning()'><b>closeCookieWarning</b><br>Test class: com.eperium.jumpstart.JumpStartTestSuite<br>Test method: check that cookie warning closes</td>
<td></td>
<td>0</td>
<td>com.eperium.jumpstart.JumpStartTestSuite@731a74c</td></tr>
<tr>
<td title='com.eperium.jumpstart.JumpStartTestSuite.enterAndSearchStringSTAR()'><b>enterAndSearchStringSTAR</b><br>Test class: com.eperium.jumpstart.JumpStartTestSuite<br>Test method: Search with * Search String</td>
<td></td>
<td>24</td>
<td>com.eperium.jumpstart.JumpStartTestSuite@731a74c</td></tr>
<tr>
<td title='com.eperium.jumpstart.JumpStartTestSuite.enterRefIdAndName()'><b>enterRefIdAndName</b><br>Test class: com.eperium.jumpstart.JumpStartTestSuite<br>Test method: Enter Reference Id And Name</td>
<td></td>
<td>10</td>
<td>com.eperium.jumpstart.JumpStartTestSuite@731a74c</td></tr>
<tr>
<td title='com.eperium.jumpstart.JumpStartTestSuite.getAndVerifyACustomerDetailOnConfirmationPage()'><b>getAndVerifyACustomerDetailOnConfirmationPage</b><br>Test class: com.eperium.jumpstart.JumpStartTestSuite<br>Test method: Get And Verify Customer Detail On Confirmation Page</td>
<td></td>
<td>0</td>
<td>com.eperium.jumpstart.JumpStartTestSuite@731a74c</td></tr>
<tr>
<td title='com.eperium.jumpstart.JumpStartTestSuite.getAndVerifyCustomerDetailOnAddressPage()'><b>getAndVerifyCustomerDetailOnAddressPage</b><br>Test class: com.eperium.jumpstart.JumpStartTestSuite<br>Test method: Get And Verify Customer Detail On Address Page</td>
<td></td>
<td>0</td>
<td>com.eperium.jumpstart.JumpStartTestSuite@731a74c</td></tr>
<tr>
<td title='com.eperium.jumpstart.JumpStartTestSuite.getAndVerifyCustomerDetailOnShippingPage()'><b>getAndVerifyCustomerDetailOnShippingPage</b><br>Test class: com.eperium.jumpstart.JumpStartTestSuite<br>Test method: Get And Verify Customer Detail On Shipping Page</td>
<td></td>
<td>0</td>
<td>com.eperium.jumpstart.JumpStartTestSuite@731a74c</td></tr>
<tr>
<td title='com.eperium.jumpstart.JumpStartTestSuite.getCustomerAddress()'><b>getCustomerAddress</b><br>Test class: com.eperium.jumpstart.JumpStartTestSuite<br>Test method: Get Customer Address</td>
<td></td>
<td>0</td>
<td>com.eperium.jumpstart.JumpStartTestSuite@731a74c</td></tr>
<tr>
<td title='com.eperium.jumpstart.JumpStartTestSuite.getCustomerName()'><b>getCustomerName</b><br>Test class: com.eperium.jumpstart.JumpStartTestSuite<br>Test method: Get Customer Name</td>
<td></td>
<td>0</td>
<td>com.eperium.jumpstart.JumpStartTestSuite@731a74c</td></tr>
<tr>
<td title='com.eperium.jumpstart.JumpStartTestSuite.goToLoginPage()'><b>goToLoginPage</b><br>Test class: com.eperium.jumpstart.JumpStartTestSuite<br>Test method: Navigate To login page</td>
<td></td>
<td>2</td>
<td>com.eperium.jumpstart.JumpStartTestSuite@731a74c</td></tr>
<tr>
<td title='com.eperium.jumpstart.JumpStartTestSuite.gotoFirstPDP()'><b>gotoFirstPDP</b><br>Test class: com.eperium.jumpstart.JumpStartTestSuite<br>Test method: Goto PDP</td>
<td></td>
<td>33</td>
<td>com.eperium.jumpstart.JumpStartTestSuite@731a74c</td></tr>
<tr>
<td title='com.eperium.jumpstart.JumpStartTestSuite.launchHomePage()'><b>launchHomePage</b><br>Test class: com.eperium.jumpstart.JumpStartTestSuite<br>Test method: Launch Home Page</td>
<td></td>
<td>6</td>
<td>com.eperium.jumpstart.JumpStartTestSuite@731a74c</td></tr>
<tr>
<td title='com.eperium.jumpstart.JumpStartTestSuite.loginCustomerBuyer()'><b>loginCustomerBuyer</b><br>Test class: com.eperium.jumpstart.JumpStartTestSuite<br>Test method: Login Buyer</td>
<td></td>
<td>18</td>
<td>com.eperium.jumpstart.JumpStartTestSuite@731a74c</td></tr>
<tr>
<td title='com.eperium.jumpstart.JumpStartTestSuite.orderConfirmation()'><b>orderConfirmation</b><br>Test class: com.eperium.jumpstart.JumpStartTestSuite<br>Test method: Order Confirmation</td>
<td></td>
<td>25</td>
<td>com.eperium.jumpstart.JumpStartTestSuite@731a74c</td></tr>
<tr>
<td title='com.eperium.jumpstart.JumpStartTestSuite.paymentToConfirmOrder()'><b>paymentToConfirmOrder</b><br>Test class: com.eperium.jumpstart.JumpStartTestSuite<br>Test method: Payment To Confirm Order Page</td>
<td></td>
<td>30</td>
<td>com.eperium.jumpstart.JumpStartTestSuite@731a74c</td></tr>
<tr>
<td title='com.eperium.jumpstart.JumpStartTestSuite.shipmentToPaymentPage()'><b>shipmentToPaymentPage</b><br>Test class: com.eperium.jumpstart.JumpStartTestSuite<br>Test method: Shipment To Payment Page</td>
<td></td>
<td>2</td>
<td>com.eperium.jumpstart.JumpStartTestSuite@731a74c</td></tr>
<tr>
<td title='com.eperium.jumpstart.JumpStartTestSuite.shoppingCartToAddressPage()'><b>shoppingCartToAddressPage</b><br>Test class: com.eperium.jumpstart.JumpStartTestSuite<br>Test method: Shopping Cart To Address Page</td>
<td></td>
<td>2</td>
<td>com.eperium.jumpstart.JumpStartTestSuite@731a74c</td></tr>
</table><p>
</body>
</html>